(1, 1, 1, 1, 1)
(1, 1, 1, 1, 2)
(1, 1, 1, 1, 3)
(1, 1, 1, 2, 1)
(1, 1, 1, 2, 2)
(1, 1, 1, 2, 3)
(1, 1, 1, 3, 1)
(1, 1, 1, 3, 2)
(1, 1, 1, 3, 3)
(1, 1, 2, 1, 1)
(1, 1, 2, 1, 2)
(1, 1, 2, 1, 3)
(1, 1, 2, 2, 1)
(1, 1, 2, 2, 2)
(1, 1, 2, 2, 3)
(1, 1, 2, 3, 1)
(1, 1, 2, 3, 2)
Found MDS matrix for GF 256 and p(x) = Poly(x^8 + x^4 + x^3 + x + 1, GF(2))
Polynomial representation
GF([[1, 1, x, x + 1, x],
    [x, 1, 1, x, x + 1],
    [x + 1, x, 1, 1, x],
    [x, x + 1, x, 1, 1],
    [1, x, x + 1, x, 1]], order=2^8)
Integer representation
GF([[1, 1, 2, 3, 2],
    [2, 1, 1, 2, 3],
    [3, 2, 1, 1, 2],
    [2, 3, 2, 1, 1],
    [1, 2, 3, 2, 1]], order=2^8)
Hexadecimal representation
['0x1', '0x1', '0x2', '0x3', '0x2']
['0x2', '0x1', '0x1', '0x2', '0x3']
['0x3', '0x2', '0x1', '0x1', '0x2']
['0x2', '0x3', '0x2', '0x1', '0x1']
['0x1', '0x2', '0x3', '0x2', '0x1']
XOR cost: 25
XTIME cost: 15
Inverse matrix:
Polynomial representation
GF([[x^5 + x^2 + x + 1, x^6 + x^3 + x^2 + x + 1,
     x^7 + x^6 + x^5 + x^4 + x^2 + x, x^6 + x^3 + x^2 + x + 1,
     x^5 + x^2 + x + 1],
    [x^5 + x^2 + x + 1, x^5 + x^2 + x + 1, x^6 + x^3 + x^2 + x + 1,
     x^7 + x^6 + x^5 + x^4 + x^2 + x, x^6 + x^3 + x^2 + x + 1],
    [x^6 + x^3 + x^2 + x + 1, x^5 + x^2 + x + 1, x^5 + x^2 + x + 1,
     x^6 + x^3 + x^2 + x + 1, x^7 + x^6 + x^5 + x^4 + x^2 + x],
    [x^7 + x^6 + x^5 + x^4 + x^2 + x, x^6 + x^3 + x^2 + x + 1,
     x^5 + x^2 + x + 1, x^5 + x^2 + x + 1, x^6 + x^3 + x^2 + x + 1],
    [x^6 + x^3 + x^2 + x + 1, x^7 + x^6 + x^5 + x^4 + x^2 + x,
     x^6 + x^3 + x^2 + x + 1, x^5 + x^2 + x + 1, x^5 + x^2 + x + 1]],
   order=2^8)
Integer representation
GF([[ 39,  79, 246,  79,  39],
    [ 39,  39,  79, 246,  79],
    [ 79,  39,  39,  79, 246],
    [246,  79,  39,  39,  79],
    [ 79, 246,  79,  39,  39]], order=2^8)
Hexadecimal representation
['0x27', '0x4f', '0xf6', '0x4f', '0x27']
['0x27', '0x27', '0x4f', '0xf6', '0x4f']
['0x4f', '0x27', '0x27', '0x4f', '0xf6']
['0xf6', '0x4f', '0x27', '0x27', '0x4f']
['0x4f', '0xf6', '0x4f', '0x27', '0x27']
XOR cost: 115
XTIME cost: 145
which is also MDS.
(1, 1, 2, 3, 3)
(1, 1, 3, 1, 1)
(1, 1, 3, 1, 2)
(1, 1, 3, 1, 3)
(1, 1, 3, 2, 1)
(1, 1, 3, 2, 2)
(1, 1, 3, 2, 3)
Found MDS matrix for GF 256 and p(x) = Poly(x^8 + x^4 + x^3 + x + 1, GF(2))
Polynomial representation
GF([[1, 1, x + 1, x, x + 1],
    [x + 1, 1, 1, x + 1, x],
    [x, x + 1, 1, 1, x + 1],
    [x + 1, x, x + 1, 1, 1],
    [1, x + 1, x, x + 1, 1]], order=2^8)
Integer representation
GF([[1, 1, 3, 2, 3],
    [3, 1, 1, 3, 2],
    [2, 3, 1, 1, 3],
    [3, 2, 3, 1, 1],
    [1, 3, 2, 3, 1]], order=2^8)
Hexadecimal representation
['0x1', '0x1', '0x3', '0x2', '0x3']
['0x3', '0x1', '0x1', '0x3', '0x2']
['0x2', '0x3', '0x1', '0x1', '0x3']
['0x3', '0x2', '0x3', '0x1', '0x1']
['0x1', '0x3', '0x2', '0x3', '0x1']
XOR cost: 30
XTIME cost: 15
Inverse matrix:
Polynomial representation
GF([[x^6 + x^4 + x^3 + x^2, x^7 + x^6 + x^5 + x^2 + 1,
     x^7 + x^3 + x^2 + 1, x^7 + x^6 + x^5 + x^2 + 1,
     x^6 + x^4 + x^3 + x^2],
    [x^6 + x^4 + x^3 + x^2, x^6 + x^4 + x^3 + x^2,
     x^7 + x^6 + x^5 + x^2 + 1, x^7 + x^3 + x^2 + 1,
     x^7 + x^6 + x^5 + x^2 + 1],
    [x^7 + x^6 + x^5 + x^2 + 1, x^6 + x^4 + x^3 + x^2,
     x^6 + x^4 + x^3 + x^2, x^7 + x^6 + x^5 + x^2 + 1,
     x^7 + x^3 + x^2 + 1],
    [x^7 + x^3 + x^2 + 1, x^7 + x^6 + x^5 + x^2 + 1,
     x^6 + x^4 + x^3 + x^2, x^6 + x^4 + x^3 + x^2,
     x^7 + x^6 + x^5 + x^2 + 1],
    [x^7 + x^6 + x^5 + x^2 + 1, x^7 + x^3 + x^2 + 1,
     x^7 + x^6 + x^5 + x^2 + 1, x^6 + x^4 + x^3 + x^2,
     x^6 + x^4 + x^3 + x^2]], order=2^8)
Integer representation
GF([[ 92, 229, 141, 229,  92],
    [ 92,  92, 229, 141, 229],
    [229,  92,  92, 229, 141],
    [141, 229,  92,  92, 229],
    [229, 141, 229,  92,  92]], order=2^8)
Hexadecimal representation
['0x5c', '0xe5', '0x8d', '0xe5', '0x5c']
['0x5c', '0x5c', '0xe5', '0x8d', '0xe5']
['0xe5', '0x5c', '0x5c', '0xe5', '0x8d']
['0x8d', '0xe5', '0x5c', '0x5c', '0xe5']
['0xe5', '0x8d', '0xe5', '0x5c', '0x5c']
XOR cost: 105
XTIME cost: 165
which is also MDS.
(1, 1, 3, 3, 1)
(1, 1, 3, 3, 2)
(1, 1, 3, 3, 3)
(1, 2, 1, 1, 1)
(1, 2, 1, 1, 2)
(1, 2, 1, 1, 3)
(1, 2, 1, 2, 1)
(1, 2, 1, 2, 2)
(1, 2, 1, 2, 3)
(1, 2, 1, 3, 1)
(1, 2, 1, 3, 2)
(1, 2, 1, 3, 3)
Found MDS matrix for GF 256 and p(x) = Poly(x^8 + x^4 + x^3 + x + 1, GF(2))
Polynomial representation
GF([[1, x, 1, x + 1, x + 1],
    [x + 1, 1, x, 1, x + 1],
    [x + 1, x + 1, 1, x, 1],
    [1, x + 1, x + 1, 1, x],
    [x, 1, x + 1, x + 1, 1]], order=2^8)
Integer representation
GF([[1, 2, 1, 3, 3],
    [3, 1, 2, 1, 3],
    [3, 3, 1, 2, 1],
    [1, 3, 3, 1, 2],
    [2, 1, 3, 3, 1]], order=2^8)
Hexadecimal representation
['0x1', '0x2', '0x1', '0x3', '0x3']
['0x3', '0x1', '0x2', '0x1', '0x3']
['0x3', '0x3', '0x1', '0x2', '0x1']
['0x1', '0x3', '0x3', '0x1', '0x2']
['0x2', '0x1', '0x3', '0x3', '0x1']
XOR cost: 30
XTIME cost: 15
Inverse matrix:
Polynomial representation
GF([[x^6 + x^4 + x^3 + x^2, x^7 + x^6 + x^5 + x^2 + 1,
     x^7 + x^6 + x^5 + x^2 + 1, x^6 + x^4 + x^3 + x^2,
     x^7 + x^3 + x^2 + 1],
    [x^7 + x^3 + x^2 + 1, x^6 + x^4 + x^3 + x^2,
     x^7 + x^6 + x^5 + x^2 + 1, x^7 + x^6 + x^5 + x^2 + 1,
     x^6 + x^4 + x^3 + x^2],
    [x^6 + x^4 + x^3 + x^2, x^7 + x^3 + x^2 + 1, x^6 + x^4 + x^3 + x^2,
     x^7 + x^6 + x^5 + x^2 + 1, x^7 + x^6 + x^5 + x^2 + 1],
    [x^7 + x^6 + x^5 + x^2 + 1, x^6 + x^4 + x^3 + x^2,
     x^7 + x^3 + x^2 + 1, x^6 + x^4 + x^3 + x^2,
     x^7 + x^6 + x^5 + x^2 + 1],
    [x^7 + x^6 + x^5 + x^2 + 1, x^7 + x^6 + x^5 + x^2 + 1,
     x^6 + x^4 + x^3 + x^2, x^7 + x^3 + x^2 + 1, x^6 + x^4 + x^3 + x^2]],
   order=2^8)
Integer representation
GF([[ 92, 229, 229,  92, 141],
    [141,  92, 229, 229,  92],
    [ 92, 141,  92, 229, 229],
    [229,  92, 141,  92, 229],
    [229, 229,  92, 141,  92]], order=2^8)
Hexadecimal representation
['0x5c', '0xe5', '0xe5', '0x5c', '0x8d']
['0x8d', '0x5c', '0xe5', '0xe5', '0x5c']
['0x5c', '0x8d', '0x5c', '0xe5', '0xe5']
['0xe5', '0x5c', '0x8d', '0x5c', '0xe5']
['0xe5', '0xe5', '0x5c', '0x8d', '0x5c']
XOR cost: 105
XTIME cost: 165
which is also MDS.
(1, 2, 2, 1, 1)
(1, 2, 2, 1, 2)
(1, 2, 2, 1, 3)
Found MDS matrix for GF 256 and p(x) = Poly(x^8 + x^4 + x^3 + x + 1, GF(2))
Polynomial representation
GF([[1, x, x, 1, x + 1],
    [x + 1, 1, x, x, 1],
    [1, x + 1, 1, x, x],
    [x, 1, x + 1, 1, x],
    [x, x, 1, x + 1, 1]], order=2^8)
Integer representation
GF([[1, 2, 2, 1, 3],
    [3, 1, 2, 2, 1],
    [1, 3, 1, 2, 2],
    [2, 1, 3, 1, 2],
    [2, 2, 1, 3, 1]], order=2^8)
Hexadecimal representation
['0x1', '0x2', '0x2', '0x1', '0x3']
['0x3', '0x1', '0x2', '0x2', '0x1']
['0x1', '0x3', '0x1', '0x2', '0x2']
['0x2', '0x1', '0x3', '0x1', '0x2']
['0x2', '0x2', '0x1', '0x3', '0x1']
XOR cost: 25
XTIME cost: 15
Inverse matrix:
Polynomial representation
GF([[x^5 + x^2 + x + 1, x^7 + x^6 + x^5 + x^4 + x^2 + x,
     x^5 + x^2 + x + 1, x^6 + x^3 + x^2 + x + 1, x^6 + x^3 + x^2 + x + 1],
    [x^6 + x^3 + x^2 + x + 1, x^5 + x^2 + x + 1,
     x^7 + x^6 + x^5 + x^4 + x^2 + x, x^5 + x^2 + x + 1,
     x^6 + x^3 + x^2 + x + 1],
    [x^6 + x^3 + x^2 + x + 1, x^6 + x^3 + x^2 + x + 1, x^5 + x^2 + x + 1,
     x^7 + x^6 + x^5 + x^4 + x^2 + x, x^5 + x^2 + x + 1],
    [x^5 + x^2 + x + 1, x^6 + x^3 + x^2 + x + 1, x^6 + x^3 + x^2 + x + 1,
     x^5 + x^2 + x + 1, x^7 + x^6 + x^5 + x^4 + x^2 + x],
    [x^7 + x^6 + x^5 + x^4 + x^2 + x, x^5 + x^2 + x + 1,
     x^6 + x^3 + x^2 + x + 1, x^6 + x^3 + x^2 + x + 1, x^5 + x^2 + x + 1]],
   order=2^8)
Integer representation
GF([[ 39, 246,  39,  79,  79],
    [ 79,  39, 246,  39,  79],
    [ 79,  79,  39, 246,  39],
    [ 39,  79,  79,  39, 246],
    [246,  39,  79,  79,  39]], order=2^8)
Hexadecimal representation
['0x27', '0xf6', '0x27', '0x4f', '0x4f']
['0x4f', '0x27', '0xf6', '0x27', '0x4f']
['0x4f', '0x4f', '0x27', '0xf6', '0x27']
['0x27', '0x4f', '0x4f', '0x27', '0xf6']
['0xf6', '0x27', '0x4f', '0x4f', '0x27']
XOR cost: 115
XTIME cost: 145
which is also MDS.
(1, 2, 2, 2, 1)
(1, 2, 2, 2, 2)
(1, 2, 2, 2, 3)
(1, 2, 2, 3, 1)
(1, 2, 2, 3, 2)
(1, 2, 2, 3, 3)
(1, 2, 3, 1, 1)
(1, 2, 3, 1, 2)
(1, 2, 3, 1, 3)
(1, 2, 3, 2, 1)
Found MDS matrix for GF 256 and p(x) = Poly(x^8 + x^4 + x^3 + x + 1, GF(2))
Polynomial representation
GF([[1, x, x + 1, x, 1],
    [1, 1, x, x + 1, x],
    [x, 1, 1, x, x + 1],
    [x + 1, x, 1, 1, x],
    [x, x + 1, x, 1, 1]], order=2^8)
Integer representation
GF([[1, 2, 3, 2, 1],
    [1, 1, 2, 3, 2],
    [2, 1, 1, 2, 3],
    [3, 2, 1, 1, 2],
    [2, 3, 2, 1, 1]], order=2^8)
Hexadecimal representation
['0x1', '0x2', '0x3', '0x2', '0x1']
['0x1', '0x1', '0x2', '0x3', '0x2']
['0x2', '0x1', '0x1', '0x2', '0x3']
['0x3', '0x2', '0x1', '0x1', '0x2']
['0x2', '0x3', '0x2', '0x1', '0x1']
XOR cost: 25
XTIME cost: 15
Inverse matrix:
Polynomial representation
GF([[x^5 + x^2 + x + 1, x^5 + x^2 + x + 1, x^6 + x^3 + x^2 + x + 1,
     x^7 + x^6 + x^5 + x^4 + x^2 + x, x^6 + x^3 + x^2 + x + 1],
    [x^6 + x^3 + x^2 + x + 1, x^5 + x^2 + x + 1, x^5 + x^2 + x + 1,
     x^6 + x^3 + x^2 + x + 1, x^7 + x^6 + x^5 + x^4 + x^2 + x],
    [x^7 + x^6 + x^5 + x^4 + x^2 + x, x^6 + x^3 + x^2 + x + 1,
     x^5 + x^2 + x + 1, x^5 + x^2 + x + 1, x^6 + x^3 + x^2 + x + 1],
    [x^6 + x^3 + x^2 + x + 1, x^7 + x^6 + x^5 + x^4 + x^2 + x,
     x^6 + x^3 + x^2 + x + 1, x^5 + x^2 + x + 1, x^5 + x^2 + x + 1],
    [x^5 + x^2 + x + 1, x^6 + x^3 + x^2 + x + 1,
     x^7 + x^6 + x^5 + x^4 + x^2 + x, x^6 + x^3 + x^2 + x + 1,
     x^5 + x^2 + x + 1]], order=2^8)
Integer representation
GF([[ 39,  39,  79, 246,  79],
    [ 79,  39,  39,  79, 246],
    [246,  79,  39,  39,  79],
    [ 79, 246,  79,  39,  39],
    [ 39,  79, 246,  79,  39]], order=2^8)
Hexadecimal representation
['0x27', '0x27', '0x4f', '0xf6', '0x4f']
['0x4f', '0x27', '0x27', '0x4f', '0xf6']
['0xf6', '0x4f', '0x27', '0x27', '0x4f']
['0x4f', '0xf6', '0x4f', '0x27', '0x27']
['0x27', '0x4f', '0xf6', '0x4f', '0x27']
XOR cost: 115
XTIME cost: 145
which is also MDS.
(1, 2, 3, 2, 2)
(1, 2, 3, 2, 3)
(1, 2, 3, 3, 1)
(1, 2, 3, 3, 2)
Found MDS matrix for GF 256 and p(x) = Poly(x^8 + x^4 + x^3 + x + 1, GF(2))
Polynomial representation
GF([[1, x, x + 1, x + 1, x],
    [x, 1, x, x + 1, x + 1],
    [x + 1, x, 1, x, x + 1],
    [x + 1, x + 1, x, 1, x],
    [x, x + 1, x + 1, x, 1]], order=2^8)
Integer representation
GF([[1, 2, 3, 3, 2],
    [2, 1, 2, 3, 3],
    [3, 2, 1, 2, 3],
    [3, 3, 2, 1, 2],
    [2, 3, 3, 2, 1]], order=2^8)
Hexadecimal representation
['0x1', '0x2', '0x3', '0x3', '0x2']
['0x2', '0x1', '0x2', '0x3', '0x3']
['0x3', '0x2', '0x1', '0x2', '0x3']
['0x3', '0x3', '0x2', '0x1', '0x2']
['0x2', '0x3', '0x3', '0x2', '0x1']
XOR cost: 30
XTIME cost: 20
Inverse matrix:
Polynomial representation
GF([[1, x^7 + x^5 + x^4 + x^3, x^6 + x^5 + x^3 + 1, x^6 + x^5 + x^3 + 1,
     x^7 + x^5 + x^4 + x^3],
    [x^7 + x^5 + x^4 + x^3, 1, x^7 + x^5 + x^4 + x^3,
     x^6 + x^5 + x^3 + 1, x^6 + x^5 + x^3 + 1],
    [x^6 + x^5 + x^3 + 1, x^7 + x^5 + x^4 + x^3, 1,
     x^7 + x^5 + x^4 + x^3, x^6 + x^5 + x^3 + 1],
    [x^6 + x^5 + x^3 + 1, x^6 + x^5 + x^3 + 1, x^7 + x^5 + x^4 + x^3, 1,
     x^7 + x^5 + x^4 + x^3],
    [x^7 + x^5 + x^4 + x^3, x^6 + x^5 + x^3 + 1, x^6 + x^5 + x^3 + 1,
     x^7 + x^5 + x^4 + x^3, 1]], order=2^8)
Integer representation
GF([[  1, 184, 105, 105, 184],
    [184,   1, 184, 105, 105],
    [105, 184,   1, 184, 105],
    [105, 105, 184,   1, 184],
    [184, 105, 105, 184,   1]], order=2^8)
Hexadecimal representation
['0x1', '0xb8', '0x69', '0x69', '0xb8']
['0xb8', '0x1', '0xb8', '0x69', '0x69']
['0x69', '0xb8', '0x1', '0xb8', '0x69']
['0x69', '0x69', '0xb8', '0x1', '0xb8']
['0xb8', '0x69', '0x69', '0xb8', '0x1']
XOR cost: 80
XTIME cost: 130
which is also MDS.
(1, 2, 3, 3, 3)
(1, 3, 1, 1, 1)
(1, 3, 1, 1, 2)
(1, 3, 1, 1, 3)
(1, 3, 1, 2, 1)
(1, 3, 1, 2, 2)
Found MDS matrix for GF 256 and p(x) = Poly(x^8 + x^4 + x^3 + x + 1, GF(2))
Polynomial representation
GF([[1, x + 1, 1, x, x],
    [x, 1, x + 1, 1, x],
    [x, x, 1, x + 1, 1],
    [1, x, x, 1, x + 1],
    [x + 1, 1, x, x, 1]], order=2^8)
Integer representation
GF([[1, 3, 1, 2, 2],
    [2, 1, 3, 1, 2],
    [2, 2, 1, 3, 1],
    [1, 2, 2, 1, 3],
    [3, 1, 2, 2, 1]], order=2^8)
Hexadecimal representation
['0x1', '0x3', '0x1', '0x2', '0x2']
['0x2', '0x1', '0x3', '0x1', '0x2']
['0x2', '0x2', '0x1', '0x3', '0x1']
['0x1', '0x2', '0x2', '0x1', '0x3']
['0x3', '0x1', '0x2', '0x2', '0x1']
XOR cost: 25
XTIME cost: 15
Inverse matrix:
Polynomial representation
GF([[x^5 + x^2 + x + 1, x^6 + x^3 + x^2 + x + 1, x^6 + x^3 + x^2 + x + 1,
     x^5 + x^2 + x + 1, x^7 + x^6 + x^5 + x^4 + x^2 + x],
    [x^7 + x^6 + x^5 + x^4 + x^2 + x, x^5 + x^2 + x + 1,
     x^6 + x^3 + x^2 + x + 1, x^6 + x^3 + x^2 + x + 1, x^5 + x^2 + x + 1],
    [x^5 + x^2 + x + 1, x^7 + x^6 + x^5 + x^4 + x^2 + x,
     x^5 + x^2 + x + 1, x^6 + x^3 + x^2 + x + 1, x^6 + x^3 + x^2 + x + 1],
    [x^6 + x^3 + x^2 + x + 1, x^5 + x^2 + x + 1,
     x^7 + x^6 + x^5 + x^4 + x^2 + x, x^5 + x^2 + x + 1,
     x^6 + x^3 + x^2 + x + 1],
    [x^6 + x^3 + x^2 + x + 1, x^6 + x^3 + x^2 + x + 1, x^5 + x^2 + x + 1,
     x^7 + x^6 + x^5 + x^4 + x^2 + x, x^5 + x^2 + x + 1]], order=2^8)
Integer representation
GF([[ 39,  79,  79,  39, 246],
    [246,  39,  79,  79,  39],
    [ 39, 246,  39,  79,  79],
    [ 79,  39, 246,  39,  79],
    [ 79,  79,  39, 246,  39]], order=2^8)
Hexadecimal representation
['0x27', '0x4f', '0x4f', '0x27', '0xf6']
['0xf6', '0x27', '0x4f', '0x4f', '0x27']
['0x27', '0xf6', '0x27', '0x4f', '0x4f']
['0x4f', '0x27', '0xf6', '0x27', '0x4f']
['0x4f', '0x4f', '0x27', '0xf6', '0x27']
XOR cost: 115
XTIME cost: 145
which is also MDS.
(1, 3, 1, 2, 3)
(1, 3, 1, 3, 1)
(1, 3, 1, 3, 2)
(1, 3, 1, 3, 3)
(1, 3, 2, 1, 1)
(1, 3, 2, 1, 2)
(1, 3, 2, 1, 3)
(1, 3, 2, 2, 1)
(1, 3, 2, 2, 2)
(1, 3, 2, 2, 3)
Found MDS matrix for GF 256 and p(x) = Poly(x^8 + x^4 + x^3 + x + 1, GF(2))
Polynomial representation
GF([[1, x + 1, x, x, x + 1],
    [x + 1, 1, x + 1, x, x],
    [x, x + 1, 1, x + 1, x],
    [x, x, x + 1, 1, x + 1],
    [x + 1, x, x, x + 1, 1]], order=2^8)
Integer representation
GF([[1, 3, 2, 2, 3],
    [3, 1, 3, 2, 2],
    [2, 3, 1, 3, 2],
    [2, 2, 3, 1, 3],
    [3, 2, 2, 3, 1]], order=2^8)
Hexadecimal representation
['0x1', '0x3', '0x2', '0x2', '0x3']
['0x3', '0x1', '0x3', '0x2', '0x2']
['0x2', '0x3', '0x1', '0x3', '0x2']
['0x2', '0x2', '0x3', '0x1', '0x3']
['0x3', '0x2', '0x2', '0x3', '0x1']
XOR cost: 30
XTIME cost: 20
Inverse matrix:
Polynomial representation
GF([[1, x^6 + x^5 + x^3 + 1, x^7 + x^5 + x^4 + x^3,
     x^7 + x^5 + x^4 + x^3, x^6 + x^5 + x^3 + 1],
    [x^6 + x^5 + x^3 + 1, 1, x^6 + x^5 + x^3 + 1, x^7 + x^5 + x^4 + x^3,
     x^7 + x^5 + x^4 + x^3],
    [x^7 + x^5 + x^4 + x^3, x^6 + x^5 + x^3 + 1, 1, x^6 + x^5 + x^3 + 1,
     x^7 + x^5 + x^4 + x^3],
    [x^7 + x^5 + x^4 + x^3, x^7 + x^5 + x^4 + x^3, x^6 + x^5 + x^3 + 1,
     1, x^6 + x^5 + x^3 + 1],
    [x^6 + x^5 + x^3 + 1, x^7 + x^5 + x^4 + x^3, x^7 + x^5 + x^4 + x^3,
     x^6 + x^5 + x^3 + 1, 1]], order=2^8)
Integer representation
GF([[  1, 105, 184, 184, 105],
    [105,   1, 105, 184, 184],
    [184, 105,   1, 105, 184],
    [184, 184, 105,   1, 105],
    [105, 184, 184, 105,   1]], order=2^8)
Hexadecimal representation
['0x1', '0x69', '0xb8', '0xb8', '0x69']
['0x69', '0x1', '0x69', '0xb8', '0xb8']
['0xb8', '0x69', '0x1', '0x69', '0xb8']
['0xb8', '0xb8', '0x69', '0x1', '0x69']
['0x69', '0xb8', '0xb8', '0x69', '0x1']
XOR cost: 80
XTIME cost: 130
which is also MDS.
(1, 3, 2, 3, 1)
Found MDS matrix for GF 256 and p(x) = Poly(x^8 + x^4 + x^3 + x + 1, GF(2))
Polynomial representation
GF([[1, x + 1, x, x + 1, 1],
    [1, 1, x + 1, x, x + 1],
    [x + 1, 1, 1, x + 1, x],
    [x, x + 1, 1, 1, x + 1],
    [x + 1, x, x + 1, 1, 1]], order=2^8)
Integer representation
GF([[1, 3, 2, 3, 1],
    [1, 1, 3, 2, 3],
    [3, 1, 1, 3, 2],
    [2, 3, 1, 1, 3],
    [3, 2, 3, 1, 1]], order=2^8)
Hexadecimal representation
['0x1', '0x3', '0x2', '0x3', '0x1']
['0x1', '0x1', '0x3', '0x2', '0x3']
['0x3', '0x1', '0x1', '0x3', '0x2']
['0x2', '0x3', '0x1', '0x1', '0x3']
['0x3', '0x2', '0x3', '0x1', '0x1']
XOR cost: 30
XTIME cost: 15
Inverse matrix:
Polynomial representation
GF([[x^6 + x^4 + x^3 + x^2, x^6 + x^4 + x^3 + x^2,
     x^7 + x^6 + x^5 + x^2 + 1, x^7 + x^3 + x^2 + 1,
     x^7 + x^6 + x^5 + x^2 + 1],
    [x^7 + x^6 + x^5 + x^2 + 1, x^6 + x^4 + x^3 + x^2,
     x^6 + x^4 + x^3 + x^2, x^7 + x^6 + x^5 + x^2 + 1,
     x^7 + x^3 + x^2 + 1],
    [x^7 + x^3 + x^2 + 1, x^7 + x^6 + x^5 + x^2 + 1,
     x^6 + x^4 + x^3 + x^2, x^6 + x^4 + x^3 + x^2,
     x^7 + x^6 + x^5 + x^2 + 1],
    [x^7 + x^6 + x^5 + x^2 + 1, x^7 + x^3 + x^2 + 1,
     x^7 + x^6 + x^5 + x^2 + 1, x^6 + x^4 + x^3 + x^2,
     x^6 + x^4 + x^3 + x^2],
    [x^6 + x^4 + x^3 + x^2, x^7 + x^6 + x^5 + x^2 + 1,
     x^7 + x^3 + x^2 + 1, x^7 + x^6 + x^5 + x^2 + 1,
     x^6 + x^4 + x^3 + x^2]], order=2^8)
Integer representation
GF([[ 92,  92, 229, 141, 229],
    [229,  92,  92, 229, 141],
    [141, 229,  92,  92, 229],
    [229, 141, 229,  92,  92],
    [ 92, 229, 141, 229,  92]], order=2^8)
Hexadecimal representation
['0x5c', '0x5c', '0xe5', '0x8d', '0xe5']
['0xe5', '0x5c', '0x5c', '0xe5', '0x8d']
['0x8d', '0xe5', '0x5c', '0x5c', '0xe5']
['0xe5', '0x8d', '0xe5', '0x5c', '0x5c']
['0x5c', '0xe5', '0x8d', '0xe5', '0x5c']
XOR cost: 105
XTIME cost: 165
which is also MDS.
(1, 3, 2, 3, 2)
(1, 3, 2, 3, 3)
(1, 3, 3, 1, 1)
(1, 3, 3, 1, 2)
Found MDS matrix for GF 256 and p(x) = Poly(x^8 + x^4 + x^3 + x + 1, GF(2))
Polynomial representation
GF([[1, x + 1, x + 1, 1, x],
    [x, 1, x + 1, x + 1, 1],
    [1, x, 1, x + 1, x + 1],
    [x + 1, 1, x, 1, x + 1],
    [x + 1, x + 1, 1, x, 1]], order=2^8)
Integer representation
GF([[1, 3, 3, 1, 2],
    [2, 1, 3, 3, 1],
    [1, 2, 1, 3, 3],
    [3, 1, 2, 1, 3],
    [3, 3, 1, 2, 1]], order=2^8)
Hexadecimal representation
['0x1', '0x3', '0x3', '0x1', '0x2']
['0x2', '0x1', '0x3', '0x3', '0x1']
['0x1', '0x2', '0x1', '0x3', '0x3']
['0x3', '0x1', '0x2', '0x1', '0x3']
['0x3', '0x3', '0x1', '0x2', '0x1']
XOR cost: 30
XTIME cost: 15
Inverse matrix:
Polynomial representation
GF([[x^6 + x^4 + x^3 + x^2, x^7 + x^3 + x^2 + 1, x^6 + x^4 + x^3 + x^2,
     x^7 + x^6 + x^5 + x^2 + 1, x^7 + x^6 + x^5 + x^2 + 1],
    [x^7 + x^6 + x^5 + x^2 + 1, x^6 + x^4 + x^3 + x^2,
     x^7 + x^3 + x^2 + 1, x^6 + x^4 + x^3 + x^2,
     x^7 + x^6 + x^5 + x^2 + 1],
    [x^7 + x^6 + x^5 + x^2 + 1, x^7 + x^6 + x^5 + x^2 + 1,
     x^6 + x^4 + x^3 + x^2, x^7 + x^3 + x^2 + 1, x^6 + x^4 + x^3 + x^2],
    [x^6 + x^4 + x^3 + x^2, x^7 + x^6 + x^5 + x^2 + 1,
     x^7 + x^6 + x^5 + x^2 + 1, x^6 + x^4 + x^3 + x^2,
     x^7 + x^3 + x^2 + 1],
    [x^7 + x^3 + x^2 + 1, x^6 + x^4 + x^3 + x^2,
     x^7 + x^6 + x^5 + x^2 + 1, x^7 + x^6 + x^5 + x^2 + 1,
     x^6 + x^4 + x^3 + x^2]], order=2^8)
Integer representation
GF([[ 92, 141,  92, 229, 229],
    [229,  92, 141,  92, 229],
    [229, 229,  92, 141,  92],
    [ 92, 229, 229,  92, 141],
    [141,  92, 229, 229,  92]], order=2^8)
Hexadecimal representation
['0x5c', '0x8d', '0x5c', '0xe5', '0xe5']
['0xe5', '0x5c', '0x8d', '0x5c', '0xe5']
['0xe5', '0xe5', '0x5c', '0x8d', '0x5c']
['0x5c', '0xe5', '0xe5', '0x5c', '0x8d']
['0x8d', '0x5c', '0xe5', '0xe5', '0x5c']
XOR cost: 105
XTIME cost: 165
which is also MDS.
(1, 3, 3, 1, 3)
(1, 3, 3, 2, 1)
(1, 3, 3, 2, 2)
(1, 3, 3, 2, 3)
(1, 3, 3, 3, 1)
(1, 3, 3, 3, 2)
(1, 3, 3, 3, 3)
(2, 1, 1, 1, 1)
(2, 1, 1, 1, 2)
(2, 1, 1, 1, 3)
(2, 1, 1, 2, 1)
(2, 1, 1, 2, 2)
(2, 1, 1, 2, 3)
Found MDS matrix for GF 256 and p(x) = Poly(x^8 + x^4 + x^3 + x + 1, GF(2))
Polynomial representation
GF([[x, 1, 1, x, x + 1],
    [x + 1, x, 1, 1, x],
    [x, x + 1, x, 1, 1],
    [1, x, x + 1, x, 1],
    [1, 1, x, x + 1, x]], order=2^8)
Integer representation
GF([[2, 1, 1, 2, 3],
    [3, 2, 1, 1, 2],
    [2, 3, 2, 1, 1],
    [1, 2, 3, 2, 1],
    [1, 1, 2, 3, 2]], order=2^8)
Hexadecimal representation
['0x2', '0x1', '0x1', '0x2', '0x3']
['0x3', '0x2', '0x1', '0x1', '0x2']
['0x2', '0x3', '0x2', '0x1', '0x1']
['0x1', '0x2', '0x3', '0x2', '0x1']
['0x1', '0x1', '0x2', '0x3', '0x2']
XOR cost: 25
XTIME cost: 15
Inverse matrix:
Polynomial representation
GF([[x^6 + x^3 + x^2 + x + 1, x^7 + x^6 + x^5 + x^4 + x^2 + x,
     x^6 + x^3 + x^2 + x + 1, x^5 + x^2 + x + 1, x^5 + x^2 + x + 1],
    [x^5 + x^2 + x + 1, x^6 + x^3 + x^2 + x + 1,
     x^7 + x^6 + x^5 + x^4 + x^2 + x, x^6 + x^3 + x^2 + x + 1,
     x^5 + x^2 + x + 1],
    [x^5 + x^2 + x + 1, x^5 + x^2 + x + 1, x^6 + x^3 + x^2 + x + 1,
     x^7 + x^6 + x^5 + x^4 + x^2 + x, x^6 + x^3 + x^2 + x + 1],
    [x^6 + x^3 + x^2 + x + 1, x^5 + x^2 + x + 1, x^5 + x^2 + x + 1,
     x^6 + x^3 + x^2 + x + 1, x^7 + x^6 + x^5 + x^4 + x^2 + x],
    [x^7 + x^6 + x^5 + x^4 + x^2 + x, x^6 + x^3 + x^2 + x + 1,
     x^5 + x^2 + x + 1, x^5 + x^2 + x + 1, x^6 + x^3 + x^2 + x + 1]],
   order=2^8)
Integer representation
GF([[ 79, 246,  79,  39,  39],
    [ 39,  79, 246,  79,  39],
    [ 39,  39,  79, 246,  79],
    [ 79,  39,  39,  79, 246],
    [246,  79,  39,  39,  79]], order=2^8)
Hexadecimal representation
['0x4f', '0xf6', '0x4f', '0x27', '0x27']
['0x27', '0x4f', '0xf6', '0x4f', '0x27']
['0x27', '0x27', '0x4f', '0xf6', '0x4f']
['0x4f', '0x27', '0x27', '0x4f', '0xf6']
['0xf6', '0x4f', '0x27', '0x27', '0x4f']
XOR cost: 115
XTIME cost: 145
which is also MDS.
(2, 1, 1, 3, 1)
(2, 1, 1, 3, 2)
(2, 1, 1, 3, 3)
(2, 1, 2, 1, 1)
(2, 1, 2, 1, 2)
(2, 1, 2, 1, 3)
(2, 1, 2, 2, 1)
(2, 1, 2, 2, 2)
(2, 1, 2, 2, 3)
(2, 1, 2, 3, 1)
(2, 1, 2, 3, 2)
(2, 1, 2, 3, 3)
Found MDS matrix for GF 256 and p(x) = Poly(x^8 + x^4 + x^3 + x + 1, GF(2))
Polynomial representation
GF([[x, 1, x, x + 1, x + 1],
    [x + 1, x, 1, x, x + 1],
    [x + 1, x + 1, x, 1, x],
    [x, x + 1, x + 1, x, 1],
    [1, x, x + 1, x + 1, x]], order=2^8)
Integer representation
GF([[2, 1, 2, 3, 3],
    [3, 2, 1, 2, 3],
    [3, 3, 2, 1, 2],
    [2, 3, 3, 2, 1],
    [1, 2, 3, 3, 2]], order=2^8)
Hexadecimal representation
['0x2', '0x1', '0x2', '0x3', '0x3']
['0x3', '0x2', '0x1', '0x2', '0x3']
['0x3', '0x3', '0x2', '0x1', '0x2']
['0x2', '0x3', '0x3', '0x2', '0x1']
['0x1', '0x2', '0x3', '0x3', '0x2']
XOR cost: 30
XTIME cost: 20
Inverse matrix:
Polynomial representation
GF([[x^7 + x^5 + x^4 + x^3, x^6 + x^5 + x^3 + 1, x^6 + x^5 + x^3 + 1,
     x^7 + x^5 + x^4 + x^3, 1],
    [1, x^7 + x^5 + x^4 + x^3, x^6 + x^5 + x^3 + 1, x^6 + x^5 + x^3 + 1,
     x^7 + x^5 + x^4 + x^3],
    [x^7 + x^5 + x^4 + x^3, 1, x^7 + x^5 + x^4 + x^3,
     x^6 + x^5 + x^3 + 1, x^6 + x^5 + x^3 + 1],
    [x^6 + x^5 + x^3 + 1, x^7 + x^5 + x^4 + x^3, 1,
     x^7 + x^5 + x^4 + x^3, x^6 + x^5 + x^3 + 1],
    [x^6 + x^5 + x^3 + 1, x^6 + x^5 + x^3 + 1, x^7 + x^5 + x^4 + x^3, 1,
     x^7 + x^5 + x^4 + x^3]], order=2^8)
Integer representation
GF([[184, 105, 105, 184,   1],
    [  1, 184, 105, 105, 184],
    [184,   1, 184, 105, 105],
    [105, 184,   1, 184, 105],
    [105, 105, 184,   1, 184]], order=2^8)
Hexadecimal representation
['0xb8', '0x69', '0x69', '0xb8', '0x1']
['0x1', '0xb8', '0x69', '0x69', '0xb8']
['0xb8', '0x1', '0xb8', '0x69', '0x69']
['0x69', '0xb8', '0x1', '0xb8', '0x69']
['0x69', '0x69', '0xb8', '0x1', '0xb8']
XOR cost: 80
XTIME cost: 130
which is also MDS.
(2, 1, 3, 1, 1)
(2, 1, 3, 1, 2)
Found MDS matrix for GF 256 and p(x) = Poly(x^8 + x^4 + x^3 + x + 1, GF(2))
Polynomial representation
GF([[x, 1, x + 1, 1, x],
    [x, x, 1, x + 1, 1],
    [1, x, x, 1, x + 1],
    [x + 1, 1, x, x, 1],
    [1, x + 1, 1, x, x]], order=2^8)
Integer representation
GF([[2, 1, 3, 1, 2],
    [2, 2, 1, 3, 1],
    [1, 2, 2, 1, 3],
    [3, 1, 2, 2, 1],
    [1, 3, 1, 2, 2]], order=2^8)
Hexadecimal representation
['0x2', '0x1', '0x3', '0x1', '0x2']
['0x2', '0x2', '0x1', '0x3', '0x1']
['0x1', '0x2', '0x2', '0x1', '0x3']
['0x3', '0x1', '0x2', '0x2', '0x1']
['0x1', '0x3', '0x1', '0x2', '0x2']
XOR cost: 25
XTIME cost: 15
Inverse matrix:
Polynomial representation
GF([[x^6 + x^3 + x^2 + x + 1, x^6 + x^3 + x^2 + x + 1, x^5 + x^2 + x + 1,
     x^7 + x^6 + x^5 + x^4 + x^2 + x, x^5 + x^2 + x + 1],
    [x^5 + x^2 + x + 1, x^6 + x^3 + x^2 + x + 1, x^6 + x^3 + x^2 + x + 1,
     x^5 + x^2 + x + 1, x^7 + x^6 + x^5 + x^4 + x^2 + x],
    [x^7 + x^6 + x^5 + x^4 + x^2 + x, x^5 + x^2 + x + 1,
     x^6 + x^3 + x^2 + x + 1, x^6 + x^3 + x^2 + x + 1, x^5 + x^2 + x + 1],
    [x^5 + x^2 + x + 1, x^7 + x^6 + x^5 + x^4 + x^2 + x,
     x^5 + x^2 + x + 1, x^6 + x^3 + x^2 + x + 1, x^6 + x^3 + x^2 + x + 1],
    [x^6 + x^3 + x^2 + x + 1, x^5 + x^2 + x + 1,
     x^7 + x^6 + x^5 + x^4 + x^2 + x, x^5 + x^2 + x + 1,
     x^6 + x^3 + x^2 + x + 1]], order=2^8)
Integer representation
GF([[ 79,  79,  39, 246,  39],
    [ 39,  79,  79,  39, 246],
    [246,  39,  79,  79,  39],
    [ 39, 246,  39,  79,  79],
    [ 79,  39, 246,  39,  79]], order=2^8)
Hexadecimal representation
['0x4f', '0x4f', '0x27', '0xf6', '0x27']
['0x27', '0x4f', '0x4f', '0x27', '0xf6']
['0xf6', '0x27', '0x4f', '0x4f', '0x27']
['0x27', '0xf6', '0x27', '0x4f', '0x4f']
['0x4f', '0x27', '0xf6', '0x27', '0x4f']
XOR cost: 115
XTIME cost: 145
which is also MDS.
(2, 1, 3, 1, 3)
(2, 1, 3, 2, 1)
(2, 1, 3, 2, 2)
(2, 1, 3, 2, 3)
(2, 1, 3, 3, 1)
Found MDS matrix for GF 256 and p(x) = Poly(x^8 + x^4 + x^3 + x + 1, GF(2))
Polynomial representation
GF([[x, 1, x + 1, x + 1, 1],
    [1, x, 1, x + 1, x + 1],
    [x + 1, 1, x, 1, x + 1],
    [x + 1, x + 1, 1, x, 1],
    [1, x + 1, x + 1, 1, x]], order=2^8)
Integer representation
GF([[2, 1, 3, 3, 1],
    [1, 2, 1, 3, 3],
    [3, 1, 2, 1, 3],
    [3, 3, 1, 2, 1],
    [1, 3, 3, 1, 2]], order=2^8)
Hexadecimal representation
['0x2', '0x1', '0x3', '0x3', '0x1']
['0x1', '0x2', '0x1', '0x3', '0x3']
['0x3', '0x1', '0x2', '0x1', '0x3']
['0x3', '0x3', '0x1', '0x2', '0x1']
['0x1', '0x3', '0x3', '0x1', '0x2']
XOR cost: 30
XTIME cost: 15
Inverse matrix:
Polynomial representation
GF([[x^7 + x^3 + x^2 + 1, x^6 + x^4 + x^3 + x^2,
     x^7 + x^6 + x^5 + x^2 + 1, x^7 + x^6 + x^5 + x^2 + 1,
     x^6 + x^4 + x^3 + x^2],
    [x^6 + x^4 + x^3 + x^2, x^7 + x^3 + x^2 + 1, x^6 + x^4 + x^3 + x^2,
     x^7 + x^6 + x^5 + x^2 + 1, x^7 + x^6 + x^5 + x^2 + 1],
    [x^7 + x^6 + x^5 + x^2 + 1, x^6 + x^4 + x^3 + x^2,
     x^7 + x^3 + x^2 + 1, x^6 + x^4 + x^3 + x^2,
     x^7 + x^6 + x^5 + x^2 + 1],
    [x^7 + x^6 + x^5 + x^2 + 1, x^7 + x^6 + x^5 + x^2 + 1,
     x^6 + x^4 + x^3 + x^2, x^7 + x^3 + x^2 + 1, x^6 + x^4 + x^3 + x^2],
    [x^6 + x^4 + x^3 + x^2, x^7 + x^6 + x^5 + x^2 + 1,
     x^7 + x^6 + x^5 + x^2 + 1, x^6 + x^4 + x^3 + x^2,
     x^7 + x^3 + x^2 + 1]], order=2^8)
Integer representation
GF([[141,  92, 229, 229,  92],
    [ 92, 141,  92, 229, 229],
    [229,  92, 141,  92, 229],
    [229, 229,  92, 141,  92],
    [ 92, 229, 229,  92, 141]], order=2^8)
Hexadecimal representation
['0x8d', '0x5c', '0xe5', '0xe5', '0x5c']
['0x5c', '0x8d', '0x5c', '0xe5', '0xe5']
['0xe5', '0x5c', '0x8d', '0x5c', '0xe5']
['0xe5', '0xe5', '0x5c', '0x8d', '0x5c']
['0x5c', '0xe5', '0xe5', '0x5c', '0x8d']
XOR cost: 105
XTIME cost: 165
which is also MDS.
(2, 1, 3, 3, 2)
(2, 1, 3, 3, 3)
(2, 2, 1, 1, 1)
(2, 2, 1, 1, 2)
(2, 2, 1, 1, 3)
(2, 2, 1, 2, 1)
(2, 2, 1, 2, 2)
(2, 2, 1, 2, 3)
(2, 2, 1, 3, 1)
Found MDS matrix for GF 256 and p(x) = Poly(x^8 + x^4 + x^3 + x + 1, GF(2))
Polynomial representation
GF([[x, x, 1, x + 1, 1],
    [1, x, x, 1, x + 1],
    [x + 1, 1, x, x, 1],
    [1, x + 1, 1, x, x],
    [x, 1, x + 1, 1, x]], order=2^8)
Integer representation
GF([[2, 2, 1, 3, 1],
    [1, 2, 2, 1, 3],
    [3, 1, 2, 2, 1],
    [1, 3, 1, 2, 2],
    [2, 1, 3, 1, 2]], order=2^8)
Hexadecimal representation
['0x2', '0x2', '0x1', '0x3', '0x1']
['0x1', '0x2', '0x2', '0x1', '0x3']
['0x3', '0x1', '0x2', '0x2', '0x1']
['0x1', '0x3', '0x1', '0x2', '0x2']
['0x2', '0x1', '0x3', '0x1', '0x2']
XOR cost: 25
XTIME cost: 15
Inverse matrix:
Polynomial representation
GF([[x^6 + x^3 + x^2 + x + 1, x^5 + x^2 + x + 1,
     x^7 + x^6 + x^5 + x^4 + x^2 + x, x^5 + x^2 + x + 1,
     x^6 + x^3 + x^2 + x + 1],
    [x^6 + x^3 + x^2 + x + 1, x^6 + x^3 + x^2 + x + 1, x^5 + x^2 + x + 1,
     x^7 + x^6 + x^5 + x^4 + x^2 + x, x^5 + x^2 + x + 1],
    [x^5 + x^2 + x + 1, x^6 + x^3 + x^2 + x + 1, x^6 + x^3 + x^2 + x + 1,
     x^5 + x^2 + x + 1, x^7 + x^6 + x^5 + x^4 + x^2 + x],
    [x^7 + x^6 + x^5 + x^4 + x^2 + x, x^5 + x^2 + x + 1,
     x^6 + x^3 + x^2 + x + 1, x^6 + x^3 + x^2 + x + 1, x^5 + x^2 + x + 1],
    [x^5 + x^2 + x + 1, x^7 + x^6 + x^5 + x^4 + x^2 + x,
     x^5 + x^2 + x + 1, x^6 + x^3 + x^2 + x + 1, x^6 + x^3 + x^2 + x + 1]],
   order=2^8)
Integer representation
GF([[ 79,  39, 246,  39,  79],
    [ 79,  79,  39, 246,  39],
    [ 39,  79,  79,  39, 246],
    [246,  39,  79,  79,  39],
    [ 39, 246,  39,  79,  79]], order=2^8)
Hexadecimal representation
['0x4f', '0x27', '0xf6', '0x27', '0x4f']
['0x4f', '0x4f', '0x27', '0xf6', '0x27']
['0x27', '0x4f', '0x4f', '0x27', '0xf6']
['0xf6', '0x27', '0x4f', '0x4f', '0x27']
['0x27', '0xf6', '0x27', '0x4f', '0x4f']
XOR cost: 115
XTIME cost: 145
which is also MDS.
(2, 2, 1, 3, 2)
(2, 2, 1, 3, 3)
(2, 2, 2, 1, 1)
(2, 2, 2, 1, 2)
(2, 2, 2, 1, 3)
(2, 2, 2, 2, 1)
(2, 2, 2, 2, 2)
(2, 2, 2, 2, 3)
(2, 2, 2, 3, 1)
(2, 2, 2, 3, 2)
(2, 2, 2, 3, 3)
(2, 2, 3, 1, 1)
(2, 2, 3, 1, 2)
(2, 2, 3, 1, 3)
Found MDS matrix for GF 256 and p(x) = Poly(x^8 + x^4 + x^3 + x + 1, GF(2))
Polynomial representation
GF([[x, x, x + 1, 1, x + 1],
    [x + 1, x, x, x + 1, 1],
    [1, x + 1, x, x, x + 1],
    [x + 1, 1, x + 1, x, x],
    [x, x + 1, 1, x + 1, x]], order=2^8)
Integer representation
GF([[2, 2, 3, 1, 3],
    [3, 2, 2, 3, 1],
    [1, 3, 2, 2, 3],
    [3, 1, 3, 2, 2],
    [2, 3, 1, 3, 2]], order=2^8)
Hexadecimal representation
['0x2', '0x2', '0x3', '0x1', '0x3']
['0x3', '0x2', '0x2', '0x3', '0x1']
['0x1', '0x3', '0x2', '0x2', '0x3']
['0x3', '0x1', '0x3', '0x2', '0x2']
['0x2', '0x3', '0x1', '0x3', '0x2']
XOR cost: 30
XTIME cost: 20
Inverse matrix:
Polynomial representation
GF([[x^7 + x^5 + x^4 + x^3, x^6 + x^5 + x^3 + 1, 1, x^6 + x^5 + x^3 + 1,
     x^7 + x^5 + x^4 + x^3],
    [x^7 + x^5 + x^4 + x^3, x^7 + x^5 + x^4 + x^3, x^6 + x^5 + x^3 + 1,
     1, x^6 + x^5 + x^3 + 1],
    [x^6 + x^5 + x^3 + 1, x^7 + x^5 + x^4 + x^3, x^7 + x^5 + x^4 + x^3,
     x^6 + x^5 + x^3 + 1, 1],
    [1, x^6 + x^5 + x^3 + 1, x^7 + x^5 + x^4 + x^3,
     x^7 + x^5 + x^4 + x^3, x^6 + x^5 + x^3 + 1],
    [x^6 + x^5 + x^3 + 1, 1, x^6 + x^5 + x^3 + 1, x^7 + x^5 + x^4 + x^3,
     x^7 + x^5 + x^4 + x^3]], order=2^8)
Integer representation
GF([[184, 105,   1, 105, 184],
    [184, 184, 105,   1, 105],
    [105, 184, 184, 105,   1],
    [  1, 105, 184, 184, 105],
    [105,   1, 105, 184, 184]], order=2^8)
Hexadecimal representation
['0xb8', '0x69', '0x1', '0x69', '0xb8']
['0xb8', '0xb8', '0x69', '0x1', '0x69']
['0x69', '0xb8', '0xb8', '0x69', '0x1']
['0x1', '0x69', '0xb8', '0xb8', '0x69']
['0x69', '0x1', '0x69', '0xb8', '0xb8']
XOR cost: 80
XTIME cost: 130
which is also MDS.
(2, 2, 3, 2, 1)
(2, 2, 3, 2, 2)
(2, 2, 3, 2, 3)
(2, 2, 3, 3, 1)
(2, 2, 3, 3, 2)
(2, 2, 3, 3, 3)
(2, 3, 1, 1, 1)
(2, 3, 1, 1, 2)
(2, 3, 1, 1, 3)
Found MDS matrix for GF 256 and p(x) = Poly(x^8 + x^4 + x^3 + x + 1, GF(2))
Polynomial representation
GF([[x, x + 1, 1, 1, x + 1],
    [x + 1, x, x + 1, 1, 1],
    [1, x + 1, x, x + 1, 1],
    [1, 1, x + 1, x, x + 1],
    [x + 1, 1, 1, x + 1, x]], order=2^8)
Integer representation
GF([[2, 3, 1, 1, 3],
    [3, 2, 3, 1, 1],
    [1, 3, 2, 3, 1],
    [1, 1, 3, 2, 3],
    [3, 1, 1, 3, 2]], order=2^8)
Hexadecimal representation
['0x2', '0x3', '0x1', '0x1', '0x3']
['0x3', '0x2', '0x3', '0x1', '0x1']
['0x1', '0x3', '0x2', '0x3', '0x1']
['0x1', '0x1', '0x3', '0x2', '0x3']
['0x3', '0x1', '0x1', '0x3', '0x2']
XOR cost: 30
XTIME cost: 15
Inverse matrix:
Polynomial representation
GF([[x^7 + x^3 + x^2 + 1, x^7 + x^6 + x^5 + x^2 + 1,
     x^6 + x^4 + x^3 + x^2, x^6 + x^4 + x^3 + x^2,
     x^7 + x^6 + x^5 + x^2 + 1],
    [x^7 + x^6 + x^5 + x^2 + 1, x^7 + x^3 + x^2 + 1,
     x^7 + x^6 + x^5 + x^2 + 1, x^6 + x^4 + x^3 + x^2,
     x^6 + x^4 + x^3 + x^2],
    [x^6 + x^4 + x^3 + x^2, x^7 + x^6 + x^5 + x^2 + 1,
     x^7 + x^3 + x^2 + 1, x^7 + x^6 + x^5 + x^2 + 1,
     x^6 + x^4 + x^3 + x^2],
    [x^6 + x^4 + x^3 + x^2, x^6 + x^4 + x^3 + x^2,
     x^7 + x^6 + x^5 + x^2 + 1, x^7 + x^3 + x^2 + 1,
     x^7 + x^6 + x^5 + x^2 + 1],
    [x^7 + x^6 + x^5 + x^2 + 1, x^6 + x^4 + x^3 + x^2,
     x^6 + x^4 + x^3 + x^2, x^7 + x^6 + x^5 + x^2 + 1,
     x^7 + x^3 + x^2 + 1]], order=2^8)
Integer representation
GF([[141, 229,  92,  92, 229],
    [229, 141, 229,  92,  92],
    [ 92, 229, 141, 229,  92],
    [ 92,  92, 229, 141, 229],
    [229,  92,  92, 229, 141]], order=2^8)
Hexadecimal representation
['0x8d', '0xe5', '0x5c', '0x5c', '0xe5']
['0xe5', '0x8d', '0xe5', '0x5c', '0x5c']
['0x5c', '0xe5', '0x8d', '0xe5', '0x5c']
['0x5c', '0x5c', '0xe5', '0x8d', '0xe5']
['0xe5', '0x5c', '0x5c', '0xe5', '0x8d']
XOR cost: 105
XTIME cost: 165
which is also MDS.
(2, 3, 1, 2, 1)
(2, 3, 1, 2, 2)
(2, 3, 1, 2, 3)
(2, 3, 1, 3, 1)
(2, 3, 1, 3, 2)
Found MDS matrix for GF 256 and p(x) = Poly(x^8 + x^4 + x^3 + x + 1, GF(2))
Polynomial representation
GF([[x, x + 1, 1, x + 1, x],
    [x, x, x + 1, 1, x + 1],
    [x + 1, x, x, x + 1, 1],
    [1, x + 1, x, x, x + 1],
    [x + 1, 1, x + 1, x, x]], order=2^8)
Integer representation
GF([[2, 3, 1, 3, 2],
    [2, 2, 3, 1, 3],
    [3, 2, 2, 3, 1],
    [1, 3, 2, 2, 3],
    [3, 1, 3, 2, 2]], order=2^8)
Hexadecimal representation
['0x2', '0x3', '0x1', '0x3', '0x2']
['0x2', '0x2', '0x3', '0x1', '0x3']
['0x3', '0x2', '0x2', '0x3', '0x1']
['0x1', '0x3', '0x2', '0x2', '0x3']
['0x3', '0x1', '0x3', '0x2', '0x2']
XOR cost: 30
XTIME cost: 20
Inverse matrix:
Polynomial representation
GF([[x^7 + x^5 + x^4 + x^3, x^7 + x^5 + x^4 + x^3, x^6 + x^5 + x^3 + 1,
     1, x^6 + x^5 + x^3 + 1],
    [x^6 + x^5 + x^3 + 1, x^7 + x^5 + x^4 + x^3, x^7 + x^5 + x^4 + x^3,
     x^6 + x^5 + x^3 + 1, 1],
    [1, x^6 + x^5 + x^3 + 1, x^7 + x^5 + x^4 + x^3,
     x^7 + x^5 + x^4 + x^3, x^6 + x^5 + x^3 + 1],
    [x^6 + x^5 + x^3 + 1, 1, x^6 + x^5 + x^3 + 1, x^7 + x^5 + x^4 + x^3,
     x^7 + x^5 + x^4 + x^3],
    [x^7 + x^5 + x^4 + x^3, x^6 + x^5 + x^3 + 1, 1, x^6 + x^5 + x^3 + 1,
     x^7 + x^5 + x^4 + x^3]], order=2^8)
Integer representation
GF([[184, 184, 105,   1, 105],
    [105, 184, 184, 105,   1],
    [  1, 105, 184, 184, 105],
    [105,   1, 105, 184, 184],
    [184, 105,   1, 105, 184]], order=2^8)
Hexadecimal representation
['0xb8', '0xb8', '0x69', '0x1', '0x69']
['0x69', '0xb8', '0xb8', '0x69', '0x1']
['0x1', '0x69', '0xb8', '0xb8', '0x69']
['0x69', '0x1', '0x69', '0xb8', '0xb8']
['0xb8', '0x69', '0x1', '0x69', '0xb8']
XOR cost: 80
XTIME cost: 130
which is also MDS.
(2, 3, 1, 3, 3)
(2, 3, 2, 1, 1)
Found MDS matrix for GF 256 and p(x) = Poly(x^8 + x^4 + x^3 + x + 1, GF(2))
Polynomial representation
GF([[x, x + 1, x, 1, 1],
    [1, x, x + 1, x, 1],
    [1, 1, x, x + 1, x],
    [x, 1, 1, x, x + 1],
    [x + 1, x, 1, 1, x]], order=2^8)
Integer representation
GF([[2, 3, 2, 1, 1],
    [1, 2, 3, 2, 1],
    [1, 1, 2, 3, 2],
    [2, 1, 1, 2, 3],
    [3, 2, 1, 1, 2]], order=2^8)
Hexadecimal representation
['0x2', '0x3', '0x2', '0x1', '0x1']
['0x1', '0x2', '0x3', '0x2', '0x1']
['0x1', '0x1', '0x2', '0x3', '0x2']
['0x2', '0x1', '0x1', '0x2', '0x3']
['0x3', '0x2', '0x1', '0x1', '0x2']
XOR cost: 25
XTIME cost: 15
Inverse matrix:
Polynomial representation
GF([[x^6 + x^3 + x^2 + x + 1, x^5 + x^2 + x + 1, x^5 + x^2 + x + 1,
     x^6 + x^3 + x^2 + x + 1, x^7 + x^6 + x^5 + x^4 + x^2 + x],
    [x^7 + x^6 + x^5 + x^4 + x^2 + x, x^6 + x^3 + x^2 + x + 1,
     x^5 + x^2 + x + 1, x^5 + x^2 + x + 1, x^6 + x^3 + x^2 + x + 1],
    [x^6 + x^3 + x^2 + x + 1, x^7 + x^6 + x^5 + x^4 + x^2 + x,
     x^6 + x^3 + x^2 + x + 1, x^5 + x^2 + x + 1, x^5 + x^2 + x + 1],
    [x^5 + x^2 + x + 1, x^6 + x^3 + x^2 + x + 1,
     x^7 + x^6 + x^5 + x^4 + x^2 + x, x^6 + x^3 + x^2 + x + 1,
     x^5 + x^2 + x + 1],
    [x^5 + x^2 + x + 1, x^5 + x^2 + x + 1, x^6 + x^3 + x^2 + x + 1,
     x^7 + x^6 + x^5 + x^4 + x^2 + x, x^6 + x^3 + x^2 + x + 1]],
   order=2^8)
Integer representation
GF([[ 79,  39,  39,  79, 246],
    [246,  79,  39,  39,  79],
    [ 79, 246,  79,  39,  39],
    [ 39,  79, 246,  79,  39],
    [ 39,  39,  79, 246,  79]], order=2^8)
Hexadecimal representation
['0x4f', '0x27', '0x27', '0x4f', '0xf6']
['0xf6', '0x4f', '0x27', '0x27', '0x4f']
['0x4f', '0xf6', '0x4f', '0x27', '0x27']
['0x27', '0x4f', '0xf6', '0x4f', '0x27']
['0x27', '0x27', '0x4f', '0xf6', '0x4f']
XOR cost: 115
XTIME cost: 145
which is also MDS.
(2, 3, 2, 1, 2)
(2, 3, 2, 1, 3)
(2, 3, 2, 2, 1)
(2, 3, 2, 2, 2)
(2, 3, 2, 2, 3)
(2, 3, 2, 3, 1)
(2, 3, 2, 3, 2)
(2, 3, 2, 3, 3)
(2, 3, 3, 1, 1)
(2, 3, 3, 1, 2)
(2, 3, 3, 1, 3)
(2, 3, 3, 2, 1)
Found MDS matrix for GF 256 and p(x) = Poly(x^8 + x^4 + x^3 + x + 1, GF(2))
Polynomial representation
GF([[x, x + 1, x + 1, x, 1],
    [1, x, x + 1, x + 1, x],
    [x, 1, x, x + 1, x + 1],
    [x + 1, x, 1, x, x + 1],
    [x + 1, x + 1, x, 1, x]], order=2^8)
Integer representation
GF([[2, 3, 3, 2, 1],
    [1, 2, 3, 3, 2],
    [2, 1, 2, 3, 3],
    [3, 2, 1, 2, 3],
    [3, 3, 2, 1, 2]], order=2^8)
Hexadecimal representation
['0x2', '0x3', '0x3', '0x2', '0x1']
['0x1', '0x2', '0x3', '0x3', '0x2']
['0x2', '0x1', '0x2', '0x3', '0x3']
['0x3', '0x2', '0x1', '0x2', '0x3']
['0x3', '0x3', '0x2', '0x1', '0x2']
XOR cost: 30
XTIME cost: 20
Inverse matrix:
Polynomial representation
GF([[x^7 + x^5 + x^4 + x^3, 1, x^7 + x^5 + x^4 + x^3,
     x^6 + x^5 + x^3 + 1, x^6 + x^5 + x^3 + 1],
    [x^6 + x^5 + x^3 + 1, x^7 + x^5 + x^4 + x^3, 1,
     x^7 + x^5 + x^4 + x^3, x^6 + x^5 + x^3 + 1],
    [x^6 + x^5 + x^3 + 1, x^6 + x^5 + x^3 + 1, x^7 + x^5 + x^4 + x^3, 1,
     x^7 + x^5 + x^4 + x^3],
    [x^7 + x^5 + x^4 + x^3, x^6 + x^5 + x^3 + 1, x^6 + x^5 + x^3 + 1,
     x^7 + x^5 + x^4 + x^3, 1],
    [1, x^7 + x^5 + x^4 + x^3, x^6 + x^5 + x^3 + 1, x^6 + x^5 + x^3 + 1,
     x^7 + x^5 + x^4 + x^3]], order=2^8)
Integer representation
GF([[184,   1, 184, 105, 105],
    [105, 184,   1, 184, 105],
    [105, 105, 184,   1, 184],
    [184, 105, 105, 184,   1],
    [  1, 184, 105, 105, 184]], order=2^8)
Hexadecimal representation
['0xb8', '0x1', '0xb8', '0x69', '0x69']
['0x69', '0xb8', '0x1', '0xb8', '0x69']
['0x69', '0x69', '0xb8', '0x1', '0xb8']
['0xb8', '0x69', '0x69', '0xb8', '0x1']
['0x1', '0xb8', '0x69', '0x69', '0xb8']
XOR cost: 80
XTIME cost: 130
which is also MDS.
(2, 3, 3, 2, 2)
(2, 3, 3, 2, 3)
(2, 3, 3, 3, 1)
(2, 3, 3, 3, 2)
(2, 3, 3, 3, 3)
(3, 1, 1, 1, 1)
(3, 1, 1, 1, 2)
(3, 1, 1, 1, 3)
(3, 1, 1, 2, 1)
(3, 1, 1, 2, 2)
(3, 1, 1, 2, 3)
(3, 1, 1, 3, 1)
(3, 1, 1, 3, 2)
Found MDS matrix for GF 256 and p(x) = Poly(x^8 + x^4 + x^3 + x + 1, GF(2))
Polynomial representation
GF([[x + 1, 1, 1, x + 1, x],
    [x, x + 1, 1, 1, x + 1],
    [x + 1, x, x + 1, 1, 1],
    [1, x + 1, x, x + 1, 1],
    [1, 1, x + 1, x, x + 1]], order=2^8)
Integer representation
GF([[3, 1, 1, 3, 2],
    [2, 3, 1, 1, 3],
    [3, 2, 3, 1, 1],
    [1, 3, 2, 3, 1],
    [1, 1, 3, 2, 3]], order=2^8)
Hexadecimal representation
['0x3', '0x1', '0x1', '0x3', '0x2']
['0x2', '0x3', '0x1', '0x1', '0x3']
['0x3', '0x2', '0x3', '0x1', '0x1']
['0x1', '0x3', '0x2', '0x3', '0x1']
['0x1', '0x1', '0x3', '0x2', '0x3']
XOR cost: 30
XTIME cost: 15
Inverse matrix:
Polynomial representation
GF([[x^7 + x^6 + x^5 + x^2 + 1, x^7 + x^3 + x^2 + 1,
     x^7 + x^6 + x^5 + x^2 + 1, x^6 + x^4 + x^3 + x^2,
     x^6 + x^4 + x^3 + x^2],
    [x^6 + x^4 + x^3 + x^2, x^7 + x^6 + x^5 + x^2 + 1,
     x^7 + x^3 + x^2 + 1, x^7 + x^6 + x^5 + x^2 + 1,
     x^6 + x^4 + x^3 + x^2],
    [x^6 + x^4 + x^3 + x^2, x^6 + x^4 + x^3 + x^2,
     x^7 + x^6 + x^5 + x^2 + 1, x^7 + x^3 + x^2 + 1,
     x^7 + x^6 + x^5 + x^2 + 1],
    [x^7 + x^6 + x^5 + x^2 + 1, x^6 + x^4 + x^3 + x^2,
     x^6 + x^4 + x^3 + x^2, x^7 + x^6 + x^5 + x^2 + 1,
     x^7 + x^3 + x^2 + 1],
    [x^7 + x^3 + x^2 + 1, x^7 + x^6 + x^5 + x^2 + 1,
     x^6 + x^4 + x^3 + x^2, x^6 + x^4 + x^3 + x^2,
     x^7 + x^6 + x^5 + x^2 + 1]], order=2^8)
Integer representation
GF([[229, 141, 229,  92,  92],
    [ 92, 229, 141, 229,  92],
    [ 92,  92, 229, 141, 229],
    [229,  92,  92, 229, 141],
    [141, 229,  92,  92, 229]], order=2^8)
Hexadecimal representation
['0xe5', '0x8d', '0xe5', '0x5c', '0x5c']
['0x5c', '0xe5', '0x8d', '0xe5', '0x5c']
['0x5c', '0x5c', '0xe5', '0x8d', '0xe5']
['0xe5', '0x5c', '0x5c', '0xe5', '0x8d']
['0x8d', '0xe5', '0x5c', '0x5c', '0xe5']
XOR cost: 105
XTIME cost: 165
which is also MDS.
(3, 1, 1, 3, 3)
(3, 1, 2, 1, 1)
(3, 1, 2, 1, 2)
(3, 1, 2, 1, 3)
Found MDS matrix for GF 256 and p(x) = Poly(x^8 + x^4 + x^3 + x + 1, GF(2))
Polynomial representation
GF([[x + 1, 1, x, 1, x + 1],
    [x + 1, x + 1, 1, x, 1],
    [1, x + 1, x + 1, 1, x],
    [x, 1, x + 1, x + 1, 1],
    [1, x, 1, x + 1, x + 1]], order=2^8)
Integer representation
GF([[3, 1, 2, 1, 3],
    [3, 3, 1, 2, 1],
    [1, 3, 3, 1, 2],
    [2, 1, 3, 3, 1],
    [1, 2, 1, 3, 3]], order=2^8)
Hexadecimal representation
['0x3', '0x1', '0x2', '0x1', '0x3']
['0x3', '0x3', '0x1', '0x2', '0x1']
['0x1', '0x3', '0x3', '0x1', '0x2']
['0x2', '0x1', '0x3', '0x3', '0x1']
['0x1', '0x2', '0x1', '0x3', '0x3']
XOR cost: 30
XTIME cost: 15
Inverse matrix:
Polynomial representation
GF([[x^7 + x^6 + x^5 + x^2 + 1, x^7 + x^6 + x^5 + x^2 + 1,
     x^6 + x^4 + x^3 + x^2, x^7 + x^3 + x^2 + 1, x^6 + x^4 + x^3 + x^2],
    [x^6 + x^4 + x^3 + x^2, x^7 + x^6 + x^5 + x^2 + 1,
     x^7 + x^6 + x^5 + x^2 + 1, x^6 + x^4 + x^3 + x^2,
     x^7 + x^3 + x^2 + 1],
    [x^7 + x^3 + x^2 + 1, x^6 + x^4 + x^3 + x^2,
     x^7 + x^6 + x^5 + x^2 + 1, x^7 + x^6 + x^5 + x^2 + 1,
     x^6 + x^4 + x^3 + x^2],
    [x^6 + x^4 + x^3 + x^2, x^7 + x^3 + x^2 + 1, x^6 + x^4 + x^3 + x^2,
     x^7 + x^6 + x^5 + x^2 + 1, x^7 + x^6 + x^5 + x^2 + 1],
    [x^7 + x^6 + x^5 + x^2 + 1, x^6 + x^4 + x^3 + x^2,
     x^7 + x^3 + x^2 + 1, x^6 + x^4 + x^3 + x^2,
     x^7 + x^6 + x^5 + x^2 + 1]], order=2^8)
Integer representation
GF([[229, 229,  92, 141,  92],
    [ 92, 229, 229,  92, 141],
    [141,  92, 229, 229,  92],
    [ 92, 141,  92, 229, 229],
    [229,  92, 141,  92, 229]], order=2^8)
Hexadecimal representation
['0xe5', '0xe5', '0x5c', '0x8d', '0x5c']
['0x5c', '0xe5', '0xe5', '0x5c', '0x8d']
['0x8d', '0x5c', '0xe5', '0xe5', '0x5c']
['0x5c', '0x8d', '0x5c', '0xe5', '0xe5']
['0xe5', '0x5c', '0x8d', '0x5c', '0xe5']
XOR cost: 105
XTIME cost: 165
which is also MDS.
(3, 1, 2, 2, 1)
Found MDS matrix for GF 256 and p(x) = Poly(x^8 + x^4 + x^3 + x + 1, GF(2))
Polynomial representation
GF([[x + 1, 1, x, x, 1],
    [1, x + 1, 1, x, x],
    [x, 1, x + 1, 1, x],
    [x, x, 1, x + 1, 1],
    [1, x, x, 1, x + 1]], order=2^8)
Integer representation
GF([[3, 1, 2, 2, 1],
    [1, 3, 1, 2, 2],
    [2, 1, 3, 1, 2],
    [2, 2, 1, 3, 1],
    [1, 2, 2, 1, 3]], order=2^8)
Hexadecimal representation
['0x3', '0x1', '0x2', '0x2', '0x1']
['0x1', '0x3', '0x1', '0x2', '0x2']
['0x2', '0x1', '0x3', '0x1', '0x2']
['0x2', '0x2', '0x1', '0x3', '0x1']
['0x1', '0x2', '0x2', '0x1', '0x3']
XOR cost: 25
XTIME cost: 15
Inverse matrix:
Polynomial representation
GF([[x^7 + x^6 + x^5 + x^4 + x^2 + x, x^5 + x^2 + x + 1,
     x^6 + x^3 + x^2 + x + 1, x^6 + x^3 + x^2 + x + 1, x^5 + x^2 + x + 1],
    [x^5 + x^2 + x + 1, x^7 + x^6 + x^5 + x^4 + x^2 + x,
     x^5 + x^2 + x + 1, x^6 + x^3 + x^2 + x + 1, x^6 + x^3 + x^2 + x + 1],
    [x^6 + x^3 + x^2 + x + 1, x^5 + x^2 + x + 1,
     x^7 + x^6 + x^5 + x^4 + x^2 + x, x^5 + x^2 + x + 1,
     x^6 + x^3 + x^2 + x + 1],
    [x^6 + x^3 + x^2 + x + 1, x^6 + x^3 + x^2 + x + 1, x^5 + x^2 + x + 1,
     x^7 + x^6 + x^5 + x^4 + x^2 + x, x^5 + x^2 + x + 1],
    [x^5 + x^2 + x + 1, x^6 + x^3 + x^2 + x + 1, x^6 + x^3 + x^2 + x + 1,
     x^5 + x^2 + x + 1, x^7 + x^6 + x^5 + x^4 + x^2 + x]], order=2^8)
Integer representation
GF([[246,  39,  79,  79,  39],
    [ 39, 246,  39,  79,  79],
    [ 79,  39, 246,  39,  79],
    [ 79,  79,  39, 246,  39],
    [ 39,  79,  79,  39, 246]], order=2^8)
Hexadecimal representation
['0xf6', '0x27', '0x4f', '0x4f', '0x27']
['0x27', '0xf6', '0x27', '0x4f', '0x4f']
['0x4f', '0x27', '0xf6', '0x27', '0x4f']
['0x4f', '0x4f', '0x27', '0xf6', '0x27']
['0x27', '0x4f', '0x4f', '0x27', '0xf6']
XOR cost: 115
XTIME cost: 145
which is also MDS.
(3, 1, 2, 2, 2)
(3, 1, 2, 2, 3)
(3, 1, 2, 3, 1)
(3, 1, 2, 3, 2)
(3, 1, 2, 3, 3)
(3, 1, 3, 1, 1)
(3, 1, 3, 1, 2)
(3, 1, 3, 1, 3)
(3, 1, 3, 2, 1)
(3, 1, 3, 2, 2)
Found MDS matrix for GF 256 and p(x) = Poly(x^8 + x^4 + x^3 + x + 1, GF(2))
Polynomial representation
GF([[x + 1, 1, x + 1, x, x],
    [x, x + 1, 1, x + 1, x],
    [x, x, x + 1, 1, x + 1],
    [x + 1, x, x, x + 1, 1],
    [1, x + 1, x, x, x + 1]], order=2^8)
Integer representation
GF([[3, 1, 3, 2, 2],
    [2, 3, 1, 3, 2],
    [2, 2, 3, 1, 3],
    [3, 2, 2, 3, 1],
    [1, 3, 2, 2, 3]], order=2^8)
Hexadecimal representation
['0x3', '0x1', '0x3', '0x2', '0x2']
['0x2', '0x3', '0x1', '0x3', '0x2']
['0x2', '0x2', '0x3', '0x1', '0x3']
['0x3', '0x2', '0x2', '0x3', '0x1']
['0x1', '0x3', '0x2', '0x2', '0x3']
XOR cost: 30
XTIME cost: 20
Inverse matrix:
Polynomial representation
GF([[x^6 + x^5 + x^3 + 1, x^7 + x^5 + x^4 + x^3, x^7 + x^5 + x^4 + x^3,
     x^6 + x^5 + x^3 + 1, 1],
    [1, x^6 + x^5 + x^3 + 1, x^7 + x^5 + x^4 + x^3,
     x^7 + x^5 + x^4 + x^3, x^6 + x^5 + x^3 + 1],
    [x^6 + x^5 + x^3 + 1, 1, x^6 + x^5 + x^3 + 1, x^7 + x^5 + x^4 + x^3,
     x^7 + x^5 + x^4 + x^3],
    [x^7 + x^5 + x^4 + x^3, x^6 + x^5 + x^3 + 1, 1, x^6 + x^5 + x^3 + 1,
     x^7 + x^5 + x^4 + x^3],
    [x^7 + x^5 + x^4 + x^3, x^7 + x^5 + x^4 + x^3, x^6 + x^5 + x^3 + 1,
     1, x^6 + x^5 + x^3 + 1]], order=2^8)
Integer representation
GF([[105, 184, 184, 105,   1],
    [  1, 105, 184, 184, 105],
    [105,   1, 105, 184, 184],
    [184, 105,   1, 105, 184],
    [184, 184, 105,   1, 105]], order=2^8)
Hexadecimal representation
['0x69', '0xb8', '0xb8', '0x69', '0x1']
['0x1', '0x69', '0xb8', '0xb8', '0x69']
['0x69', '0x1', '0x69', '0xb8', '0xb8']
['0xb8', '0x69', '0x1', '0x69', '0xb8']
['0xb8', '0xb8', '0x69', '0x1', '0x69']
XOR cost: 80
XTIME cost: 130
which is also MDS.
(3, 1, 3, 2, 3)
(3, 1, 3, 3, 1)
(3, 1, 3, 3, 2)
(3, 1, 3, 3, 3)
(3, 2, 1, 1, 1)
(3, 2, 1, 1, 2)
Found MDS matrix for GF 256 and p(x) = Poly(x^8 + x^4 + x^3 + x + 1, GF(2))
Polynomial representation
GF([[x + 1, x, 1, 1, x],
    [x, x + 1, x, 1, 1],
    [1, x, x + 1, x, 1],
    [1, 1, x, x + 1, x],
    [x, 1, 1, x, x + 1]], order=2^8)
Integer representation
GF([[3, 2, 1, 1, 2],
    [2, 3, 2, 1, 1],
    [1, 2, 3, 2, 1],
    [1, 1, 2, 3, 2],
    [2, 1, 1, 2, 3]], order=2^8)
Hexadecimal representation
['0x3', '0x2', '0x1', '0x1', '0x2']
['0x2', '0x3', '0x2', '0x1', '0x1']
['0x1', '0x2', '0x3', '0x2', '0x1']
['0x1', '0x1', '0x2', '0x3', '0x2']
['0x2', '0x1', '0x1', '0x2', '0x3']
XOR cost: 25
XTIME cost: 15
Inverse matrix:
Polynomial representation
GF([[x^7 + x^6 + x^5 + x^4 + x^2 + x, x^6 + x^3 + x^2 + x + 1,
     x^5 + x^2 + x + 1, x^5 + x^2 + x + 1, x^6 + x^3 + x^2 + x + 1],
    [x^6 + x^3 + x^2 + x + 1, x^7 + x^6 + x^5 + x^4 + x^2 + x,
     x^6 + x^3 + x^2 + x + 1, x^5 + x^2 + x + 1, x^5 + x^2 + x + 1],
    [x^5 + x^2 + x + 1, x^6 + x^3 + x^2 + x + 1,
     x^7 + x^6 + x^5 + x^4 + x^2 + x, x^6 + x^3 + x^2 + x + 1,
     x^5 + x^2 + x + 1],
    [x^5 + x^2 + x + 1, x^5 + x^2 + x + 1, x^6 + x^3 + x^2 + x + 1,
     x^7 + x^6 + x^5 + x^4 + x^2 + x, x^6 + x^3 + x^2 + x + 1],
    [x^6 + x^3 + x^2 + x + 1, x^5 + x^2 + x + 1, x^5 + x^2 + x + 1,
     x^6 + x^3 + x^2 + x + 1, x^7 + x^6 + x^5 + x^4 + x^2 + x]],
   order=2^8)
Integer representation
GF([[246,  79,  39,  39,  79],
    [ 79, 246,  79,  39,  39],
    [ 39,  79, 246,  79,  39],
    [ 39,  39,  79, 246,  79],
    [ 79,  39,  39,  79, 246]], order=2^8)
Hexadecimal representation
['0xf6', '0x4f', '0x27', '0x27', '0x4f']
['0x4f', '0xf6', '0x4f', '0x27', '0x27']
['0x27', '0x4f', '0xf6', '0x4f', '0x27']
['0x27', '0x27', '0x4f', '0xf6', '0x4f']
['0x4f', '0x27', '0x27', '0x4f', '0xf6']
XOR cost: 115
XTIME cost: 145
which is also MDS.
(3, 2, 1, 1, 3)
(3, 2, 1, 2, 1)
(3, 2, 1, 2, 2)
(3, 2, 1, 2, 3)
Found MDS matrix for GF 256 and p(x) = Poly(x^8 + x^4 + x^3 + x + 1, GF(2))
Polynomial representation
GF([[x + 1, x, 1, x, x + 1],
    [x + 1, x + 1, x, 1, x],
    [x, x + 1, x + 1, x, 1],
    [1, x, x + 1, x + 1, x],
    [x, 1, x, x + 1, x + 1]], order=2^8)
Integer representation
GF([[3, 2, 1, 2, 3],
    [3, 3, 2, 1, 2],
    [2, 3, 3, 2, 1],
    [1, 2, 3, 3, 2],
    [2, 1, 2, 3, 3]], order=2^8)
Hexadecimal representation
['0x3', '0x2', '0x1', '0x2', '0x3']
['0x3', '0x3', '0x2', '0x1', '0x2']
['0x2', '0x3', '0x3', '0x2', '0x1']
['0x1', '0x2', '0x3', '0x3', '0x2']
['0x2', '0x1', '0x2', '0x3', '0x3']
XOR cost: 30
XTIME cost: 20
Inverse matrix:
Polynomial representation
GF([[x^6 + x^5 + x^3 + 1, x^6 + x^5 + x^3 + 1, x^7 + x^5 + x^4 + x^3, 1,
     x^7 + x^5 + x^4 + x^3],
    [x^7 + x^5 + x^4 + x^3, x^6 + x^5 + x^3 + 1, x^6 + x^5 + x^3 + 1,
     x^7 + x^5 + x^4 + x^3, 1],
    [1, x^7 + x^5 + x^4 + x^3, x^6 + x^5 + x^3 + 1, x^6 + x^5 + x^3 + 1,
     x^7 + x^5 + x^4 + x^3],
    [x^7 + x^5 + x^4 + x^3, 1, x^7 + x^5 + x^4 + x^3,
     x^6 + x^5 + x^3 + 1, x^6 + x^5 + x^3 + 1],
    [x^6 + x^5 + x^3 + 1, x^7 + x^5 + x^4 + x^3, 1,
     x^7 + x^5 + x^4 + x^3, x^6 + x^5 + x^3 + 1]], order=2^8)
Integer representation
GF([[105, 105, 184,   1, 184],
    [184, 105, 105, 184,   1],
    [  1, 184, 105, 105, 184],
    [184,   1, 184, 105, 105],
    [105, 184,   1, 184, 105]], order=2^8)
Hexadecimal representation
['0x69', '0x69', '0xb8', '0x1', '0xb8']
['0xb8', '0x69', '0x69', '0xb8', '0x1']
['0x1', '0xb8', '0x69', '0x69', '0xb8']
['0xb8', '0x1', '0xb8', '0x69', '0x69']
['0x69', '0xb8', '0x1', '0xb8', '0x69']
XOR cost: 80
XTIME cost: 130
which is also MDS.
(3, 2, 1, 3, 1)
(3, 2, 1, 3, 2)
(3, 2, 1, 3, 3)
(3, 2, 2, 1, 1)
(3, 2, 2, 1, 2)
(3, 2, 2, 1, 3)
(3, 2, 2, 2, 1)
(3, 2, 2, 2, 2)
(3, 2, 2, 2, 3)
(3, 2, 2, 3, 1)
Found MDS matrix for GF 256 and p(x) = Poly(x^8 + x^4 + x^3 + x + 1, GF(2))
Polynomial representation
GF([[x + 1, x, x, x + 1, 1],
    [1, x + 1, x, x, x + 1],
    [x + 1, 1, x + 1, x, x],
    [x, x + 1, 1, x + 1, x],
    [x, x, x + 1, 1, x + 1]], order=2^8)
Integer representation
GF([[3, 2, 2, 3, 1],
    [1, 3, 2, 2, 3],
    [3, 1, 3, 2, 2],
    [2, 3, 1, 3, 2],
    [2, 2, 3, 1, 3]], order=2^8)
Hexadecimal representation
['0x3', '0x2', '0x2', '0x3', '0x1']
['0x1', '0x3', '0x2', '0x2', '0x3']
['0x3', '0x1', '0x3', '0x2', '0x2']
['0x2', '0x3', '0x1', '0x3', '0x2']
['0x2', '0x2', '0x3', '0x1', '0x3']
XOR cost: 30
XTIME cost: 20
Inverse matrix:
Polynomial representation
GF([[x^6 + x^5 + x^3 + 1, 1, x^6 + x^5 + x^3 + 1, x^7 + x^5 + x^4 + x^3,
     x^7 + x^5 + x^4 + x^3],
    [x^7 + x^5 + x^4 + x^3, x^6 + x^5 + x^3 + 1, 1, x^6 + x^5 + x^3 + 1,
     x^7 + x^5 + x^4 + x^3],
    [x^7 + x^5 + x^4 + x^3, x^7 + x^5 + x^4 + x^3, x^6 + x^5 + x^3 + 1,
     1, x^6 + x^5 + x^3 + 1],
    [x^6 + x^5 + x^3 + 1, x^7 + x^5 + x^4 + x^3, x^7 + x^5 + x^4 + x^3,
     x^6 + x^5 + x^3 + 1, 1],
    [1, x^6 + x^5 + x^3 + 1, x^7 + x^5 + x^4 + x^3,
     x^7 + x^5 + x^4 + x^3, x^6 + x^5 + x^3 + 1]], order=2^8)
Integer representation
GF([[105,   1, 105, 184, 184],
    [184, 105,   1, 105, 184],
    [184, 184, 105,   1, 105],
    [105, 184, 184, 105,   1],
    [  1, 105, 184, 184, 105]], order=2^8)
Hexadecimal representation
['0x69', '0x1', '0x69', '0xb8', '0xb8']
['0xb8', '0x69', '0x1', '0x69', '0xb8']
['0xb8', '0xb8', '0x69', '0x1', '0x69']
['0x69', '0xb8', '0xb8', '0x69', '0x1']
['0x1', '0x69', '0xb8', '0xb8', '0x69']
XOR cost: 80
XTIME cost: 130
which is also MDS.
(3, 2, 2, 3, 2)
(3, 2, 2, 3, 3)
(3, 2, 3, 1, 1)
Found MDS matrix for GF 256 and p(x) = Poly(x^8 + x^4 + x^3 + x + 1, GF(2))
Polynomial representation
GF([[x + 1, x, x + 1, 1, 1],
    [1, x + 1, x, x + 1, 1],
    [1, 1, x + 1, x, x + 1],
    [x + 1, 1, 1, x + 1, x],
    [x, x + 1, 1, 1, x + 1]], order=2^8)
Integer representation
GF([[3, 2, 3, 1, 1],
    [1, 3, 2, 3, 1],
    [1, 1, 3, 2, 3],
    [3, 1, 1, 3, 2],
    [2, 3, 1, 1, 3]], order=2^8)
Hexadecimal representation
['0x3', '0x2', '0x3', '0x1', '0x1']
['0x1', '0x3', '0x2', '0x3', '0x1']
['0x1', '0x1', '0x3', '0x2', '0x3']
['0x3', '0x1', '0x1', '0x3', '0x2']
['0x2', '0x3', '0x1', '0x1', '0x3']
XOR cost: 30
XTIME cost: 15
Inverse matrix:
Polynomial representation
GF([[x^7 + x^6 + x^5 + x^2 + 1, x^6 + x^4 + x^3 + x^2,
     x^6 + x^4 + x^3 + x^2, x^7 + x^6 + x^5 + x^2 + 1,
     x^7 + x^3 + x^2 + 1],
    [x^7 + x^3 + x^2 + 1, x^7 + x^6 + x^5 + x^2 + 1,
     x^6 + x^4 + x^3 + x^2, x^6 + x^4 + x^3 + x^2,
     x^7 + x^6 + x^5 + x^2 + 1],
    [x^7 + x^6 + x^5 + x^2 + 1, x^7 + x^3 + x^2 + 1,
     x^7 + x^6 + x^5 + x^2 + 1, x^6 + x^4 + x^3 + x^2,
     x^6 + x^4 + x^3 + x^2],
    [x^6 + x^4 + x^3 + x^2, x^7 + x^6 + x^5 + x^2 + 1,
     x^7 + x^3 + x^2 + 1, x^7 + x^6 + x^5 + x^2 + 1,
     x^6 + x^4 + x^3 + x^2],
    [x^6 + x^4 + x^3 + x^2, x^6 + x^4 + x^3 + x^2,
     x^7 + x^6 + x^5 + x^2 + 1, x^7 + x^3 + x^2 + 1,
     x^7 + x^6 + x^5 + x^2 + 1]], order=2^8)
Integer representation
GF([[229,  92,  92, 229, 141],
    [141, 229,  92,  92, 229],
    [229, 141, 229,  92,  92],
    [ 92, 229, 141, 229,  92],
    [ 92,  92, 229, 141, 229]], order=2^8)
Hexadecimal representation
['0xe5', '0x5c', '0x5c', '0xe5', '0x8d']
['0x8d', '0xe5', '0x5c', '0x5c', '0xe5']
['0xe5', '0x8d', '0xe5', '0x5c', '0x5c']
['0x5c', '0xe5', '0x8d', '0xe5', '0x5c']
['0x5c', '0x5c', '0xe5', '0x8d', '0xe5']
XOR cost: 105
XTIME cost: 165
which is also MDS.
(3, 2, 3, 1, 2)
(3, 2, 3, 1, 3)
(3, 2, 3, 2, 1)
(3, 2, 3, 2, 2)
(3, 2, 3, 2, 3)
(3, 2, 3, 3, 1)
(3, 2, 3, 3, 2)
(3, 2, 3, 3, 3)
(3, 3, 1, 1, 1)
(3, 3, 1, 1, 2)
(3, 3, 1, 1, 3)
(3, 3, 1, 2, 1)
Found MDS matrix for GF 256 and p(x) = Poly(x^8 + x^4 + x^3 + x + 1, GF(2))
Polynomial representation
GF([[x + 1, x + 1, 1, x, 1],
    [1, x + 1, x + 1, 1, x],
    [x, 1, x + 1, x + 1, 1],
    [1, x, 1, x + 1, x + 1],
    [x + 1, 1, x, 1, x + 1]], order=2^8)
Integer representation
GF([[3, 3, 1, 2, 1],
    [1, 3, 3, 1, 2],
    [2, 1, 3, 3, 1],
    [1, 2, 1, 3, 3],
    [3, 1, 2, 1, 3]], order=2^8)
Hexadecimal representation
['0x3', '0x3', '0x1', '0x2', '0x1']
['0x1', '0x3', '0x3', '0x1', '0x2']
['0x2', '0x1', '0x3', '0x3', '0x1']
['0x1', '0x2', '0x1', '0x3', '0x3']
['0x3', '0x1', '0x2', '0x1', '0x3']
XOR cost: 30
XTIME cost: 15
Inverse matrix:
Polynomial representation
GF([[x^7 + x^6 + x^5 + x^2 + 1, x^6 + x^4 + x^3 + x^2,
     x^7 + x^3 + x^2 + 1, x^6 + x^4 + x^3 + x^2,
     x^7 + x^6 + x^5 + x^2 + 1],
    [x^7 + x^6 + x^5 + x^2 + 1, x^7 + x^6 + x^5 + x^2 + 1,
     x^6 + x^4 + x^3 + x^2, x^7 + x^3 + x^2 + 1, x^6 + x^4 + x^3 + x^2],
    [x^6 + x^4 + x^3 + x^2, x^7 + x^6 + x^5 + x^2 + 1,
     x^7 + x^6 + x^5 + x^2 + 1, x^6 + x^4 + x^3 + x^2,
     x^7 + x^3 + x^2 + 1],
    [x^7 + x^3 + x^2 + 1, x^6 + x^4 + x^3 + x^2,
     x^7 + x^6 + x^5 + x^2 + 1, x^7 + x^6 + x^5 + x^2 + 1,
     x^6 + x^4 + x^3 + x^2],
    [x^6 + x^4 + x^3 + x^2, x^7 + x^3 + x^2 + 1, x^6 + x^4 + x^3 + x^2,
     x^7 + x^6 + x^5 + x^2 + 1, x^7 + x^6 + x^5 + x^2 + 1]], order=2^8)
Integer representation
GF([[229,  92, 141,  92, 229],
    [229, 229,  92, 141,  92],
    [ 92, 229, 229,  92, 141],
    [141,  92, 229, 229,  92],
    [ 92, 141,  92, 229, 229]], order=2^8)
Hexadecimal representation
['0xe5', '0x5c', '0x8d', '0x5c', '0xe5']
['0xe5', '0xe5', '0x5c', '0x8d', '0x5c']
['0x5c', '0xe5', '0xe5', '0x5c', '0x8d']
['0x8d', '0x5c', '0xe5', '0xe5', '0x5c']
['0x5c', '0x8d', '0x5c', '0xe5', '0xe5']
XOR cost: 105
XTIME cost: 165
which is also MDS.
(3, 3, 1, 2, 2)
(3, 3, 1, 2, 3)
(3, 3, 1, 3, 1)
(3, 3, 1, 3, 2)
(3, 3, 1, 3, 3)
(3, 3, 2, 1, 1)
(3, 3, 2, 1, 2)
Found MDS matrix for GF 256 and p(x) = Poly(x^8 + x^4 + x^3 + x + 1, GF(2))
Polynomial representation
GF([[x + 1, x + 1, x, 1, x],
    [x, x + 1, x + 1, x, 1],
    [1, x, x + 1, x + 1, x],
    [x, 1, x, x + 1, x + 1],
    [x + 1, x, 1, x, x + 1]], order=2^8)
Integer representation
GF([[3, 3, 2, 1, 2],
    [2, 3, 3, 2, 1],
    [1, 2, 3, 3, 2],
    [2, 1, 2, 3, 3],
    [3, 2, 1, 2, 3]], order=2^8)
Hexadecimal representation
['0x3', '0x3', '0x2', '0x1', '0x2']
['0x2', '0x3', '0x3', '0x2', '0x1']
['0x1', '0x2', '0x3', '0x3', '0x2']
['0x2', '0x1', '0x2', '0x3', '0x3']
['0x3', '0x2', '0x1', '0x2', '0x3']
XOR cost: 30
XTIME cost: 20
Inverse matrix:
Polynomial representation
GF([[x^6 + x^5 + x^3 + 1, x^7 + x^5 + x^4 + x^3, 1,
     x^7 + x^5 + x^4 + x^3, x^6 + x^5 + x^3 + 1],
    [x^6 + x^5 + x^3 + 1, x^6 + x^5 + x^3 + 1, x^7 + x^5 + x^4 + x^3, 1,
     x^7 + x^5 + x^4 + x^3],
    [x^7 + x^5 + x^4 + x^3, x^6 + x^5 + x^3 + 1, x^6 + x^5 + x^3 + 1,
     x^7 + x^5 + x^4 + x^3, 1],
    [1, x^7 + x^5 + x^4 + x^3, x^6 + x^5 + x^3 + 1, x^6 + x^5 + x^3 + 1,
     x^7 + x^5 + x^4 + x^3],
    [x^7 + x^5 + x^4 + x^3, 1, x^7 + x^5 + x^4 + x^3,
     x^6 + x^5 + x^3 + 1, x^6 + x^5 + x^3 + 1]], order=2^8)
Integer representation
GF([[105, 184,   1, 184, 105],
    [105, 105, 184,   1, 184],
    [184, 105, 105, 184,   1],
    [  1, 184, 105, 105, 184],
    [184,   1, 184, 105, 105]], order=2^8)
Hexadecimal representation
['0x69', '0xb8', '0x1', '0xb8', '0x69']
['0x69', '0x69', '0xb8', '0x1', '0xb8']
['0xb8', '0x69', '0x69', '0xb8', '0x1']
['0x1', '0xb8', '0x69', '0x69', '0xb8']
['0xb8', '0x1', '0xb8', '0x69', '0x69']
XOR cost: 80
XTIME cost: 130
which is also MDS.
(3, 3, 2, 1, 3)
(3, 3, 2, 2, 1)
(3, 3, 2, 2, 2)
(3, 3, 2, 2, 3)
(3, 3, 2, 3, 1)
(3, 3, 2, 3, 2)
(3, 3, 2, 3, 3)
(3, 3, 3, 1, 1)
(3, 3, 3, 1, 2)
(3, 3, 3, 1, 3)
(3, 3, 3, 2, 1)
(3, 3, 3, 2, 2)
(3, 3, 3, 2, 3)
(3, 3, 3, 3, 1)
(3, 3, 3, 3, 2)
(3, 3, 3, 3, 3)
