(1, 1, 1)
(1, 1, 2)
Found MDS matrix for GF 256 and p(x) = Poly(x^8 + x^4 + x^3 + x + 1, GF(2))
Polynomial representation
GF([[1, 1, x],
    [x, 1, 1],
    [1, x, 1]], order=2^8)
Integer representation
GF([[1, 1, 2],
    [2, 1, 1],
    [1, 2, 1]], order=2^8)
Hexadecimal representation
['0x1', '0x1', '0x2']
['0x2', '0x1', '0x1']
['0x1', '0x2', '0x1']
XOR cost: 6
XTIME cost: 3
Inverse matrix:
Polynomial representation
GF([[x^6 + x^5 + x^4 + x^3 + x + 1, x^7 + x^3 + x^2 + 1,
     x^6 + x^5 + x^4 + x^3 + x + 1],
    [x^6 + x^5 + x^4 + x^3 + x + 1, x^6 + x^5 + x^4 + x^3 + x + 1,
     x^7 + x^3 + x^2 + 1],
    [x^7 + x^3 + x^2 + 1, x^6 + x^5 + x^4 + x^3 + x + 1,
     x^6 + x^5 + x^4 + x^3 + x + 1]], order=2^8)
Integer representation
GF([[123, 141, 123],
    [123, 123, 141],
    [141, 123, 123]], order=2^8)
Hexadecimal representation
['0x7b', '0x8d', '0x7b']
['0x7b', '0x7b', '0x8d']
['0x8d', '0x7b', '0x7b']
XOR cost: 45
XTIME cost: 57
which is also MDS.
(1, 1, 3)
Found MDS matrix for GF 256 and p(x) = Poly(x^8 + x^4 + x^3 + x + 1, GF(2))
Polynomial representation
GF([[1, 1, x + 1],
    [x + 1, 1, 1],
    [1, x + 1, 1]], order=2^8)
Integer representation
GF([[1, 1, 3],
    [3, 1, 1],
    [1, 3, 1]], order=2^8)
Hexadecimal representation
['0x1', '0x1', '0x3']
['0x3', '0x1', '0x1']
['0x1', '0x3', '0x1']
XOR cost: 9
XTIME cost: 3
Inverse matrix:
Polynomial representation
GF([[x^6 + x^5 + x^4 + x^3 + x + 1, x^7 + x^6 + x^5 + x^4 + x^2 + x,
     x^6 + x^5 + x^4 + x^3 + x + 1],
    [x^6 + x^5 + x^4 + x^3 + x + 1, x^6 + x^5 + x^4 + x^3 + x + 1,
     x^7 + x^6 + x^5 + x^4 + x^2 + x],
    [x^7 + x^6 + x^5 + x^4 + x^2 + x, x^6 + x^5 + x^4 + x^3 + x + 1,
     x^6 + x^5 + x^4 + x^3 + x + 1]], order=2^8)
Integer representation
GF([[123, 246, 123],
    [123, 123, 246],
    [246, 123, 123]], order=2^8)
Hexadecimal representation
['0x7b', '0xf6', '0x7b']
['0x7b', '0x7b', '0xf6']
['0xf6', '0x7b', '0x7b']
XOR cost: 51
XTIME cost: 57
which is also MDS.
(1, 2, 1)
Found MDS matrix for GF 256 and p(x) = Poly(x^8 + x^4 + x^3 + x + 1, GF(2))
Polynomial representation
GF([[1, x, 1],
    [1, 1, x],
    [x, 1, 1]], order=2^8)
Integer representation
GF([[1, 2, 1],
    [1, 1, 2],
    [2, 1, 1]], order=2^8)
Hexadecimal representation
['0x1', '0x2', '0x1']
['0x1', '0x1', '0x2']
['0x2', '0x1', '0x1']
XOR cost: 6
XTIME cost: 3
Inverse matrix:
Polynomial representation
GF([[x^6 + x^5 + x^4 + x^3 + x + 1, x^6 + x^5 + x^4 + x^3 + x + 1,
     x^7 + x^3 + x^2 + 1],
    [x^7 + x^3 + x^2 + 1, x^6 + x^5 + x^4 + x^3 + x + 1,
     x^6 + x^5 + x^4 + x^3 + x + 1],
    [x^6 + x^5 + x^4 + x^3 + x + 1, x^7 + x^3 + x^2 + 1,
     x^6 + x^5 + x^4 + x^3 + x + 1]], order=2^8)
Integer representation
GF([[123, 123, 141],
    [141, 123, 123],
    [123, 141, 123]], order=2^8)
Hexadecimal representation
['0x7b', '0x7b', '0x8d']
['0x8d', '0x7b', '0x7b']
['0x7b', '0x8d', '0x7b']
XOR cost: 45
XTIME cost: 57
which is also MDS.
(1, 2, 2)
Found MDS matrix for GF 256 and p(x) = Poly(x^8 + x^4 + x^3 + x + 1, GF(2))
Polynomial representation
GF([[1, x, x],
    [x, 1, x],
    [x, x, 1]], order=2^8)
Integer representation
GF([[1, 2, 2],
    [2, 1, 2],
    [2, 2, 1]], order=2^8)
Hexadecimal representation
['0x1', '0x2', '0x2']
['0x2', '0x1', '0x2']
['0x2', '0x2', '0x1']
XOR cost: 6
XTIME cost: 6
Inverse matrix:
Polynomial representation
GF([[1, x^7 + x^6 + x^5 + x^4 + x^2 + x + 1,
     x^7 + x^6 + x^5 + x^4 + x^2 + x + 1],
    [x^7 + x^6 + x^5 + x^4 + x^2 + x + 1, 1,
     x^7 + x^6 + x^5 + x^4 + x^2 + x + 1],
    [x^7 + x^6 + x^5 + x^4 + x^2 + x + 1,
     x^7 + x^6 + x^5 + x^4 + x^2 + x + 1, 1]], order=2^8)
Integer representation
GF([[  1, 247, 247],
    [247,   1, 247],
    [247, 247,   1]], order=2^8)
Hexadecimal representation
['0x1', '0xf7', '0xf7']
['0xf7', '0x1', '0xf7']
['0xf7', '0xf7', '0x1']
XOR cost: 42
XTIME cost: 42
which is also MDS.
(1, 2, 3)
(1, 3, 1)
Found MDS matrix for GF 256 and p(x) = Poly(x^8 + x^4 + x^3 + x + 1, GF(2))
Polynomial representation
GF([[1, x + 1, 1],
    [1, 1, x + 1],
    [x + 1, 1, 1]], order=2^8)
Integer representation
GF([[1, 3, 1],
    [1, 1, 3],
    [3, 1, 1]], order=2^8)
Hexadecimal representation
['0x1', '0x3', '0x1']
['0x1', '0x1', '0x3']
['0x3', '0x1', '0x1']
XOR cost: 9
XTIME cost: 3
Inverse matrix:
Polynomial representation
GF([[x^6 + x^5 + x^4 + x^3 + x + 1, x^6 + x^5 + x^4 + x^3 + x + 1,
     x^7 + x^6 + x^5 + x^4 + x^2 + x],
    [x^7 + x^6 + x^5 + x^4 + x^2 + x, x^6 + x^5 + x^4 + x^3 + x + 1,
     x^6 + x^5 + x^4 + x^3 + x + 1],
    [x^6 + x^5 + x^4 + x^3 + x + 1, x^7 + x^6 + x^5 + x^4 + x^2 + x,
     x^6 + x^5 + x^4 + x^3 + x + 1]], order=2^8)
Integer representation
GF([[123, 123, 246],
    [246, 123, 123],
    [123, 246, 123]], order=2^8)
Hexadecimal representation
['0x7b', '0x7b', '0xf6']
['0xf6', '0x7b', '0x7b']
['0x7b', '0xf6', '0x7b']
XOR cost: 51
XTIME cost: 57
which is also MDS.
(1, 3, 2)
(1, 3, 3)
Found MDS matrix for GF 256 and p(x) = Poly(x^8 + x^4 + x^3 + x + 1, GF(2))
Polynomial representation
GF([[1, x + 1, x + 1],
    [x + 1, 1, x + 1],
    [x + 1, x + 1, 1]], order=2^8)
Integer representation
GF([[1, 3, 3],
    [3, 1, 3],
    [3, 3, 1]], order=2^8)
Hexadecimal representation
['0x1', '0x3', '0x3']
['0x3', '0x1', '0x3']
['0x3', '0x3', '0x1']
XOR cost: 12
XTIME cost: 6
Inverse matrix:
Polynomial representation
GF([[1, x^7 + x^3 + x^2, x^7 + x^3 + x^2],
    [x^7 + x^3 + x^2, 1, x^7 + x^3 + x^2],
    [x^7 + x^3 + x^2, x^7 + x^3 + x^2, 1]], order=2^8)
Integer representation
GF([[  1, 140, 140],
    [140,   1, 140],
    [140, 140,   1]], order=2^8)
Hexadecimal representation
['0x1', '0x8c', '0x8c']
['0x8c', '0x1', '0x8c']
['0x8c', '0x8c', '0x1']
XOR cost: 18
XTIME cost: 42
which is also MDS.
(2, 1, 1)
Found MDS matrix for GF 256 and p(x) = Poly(x^8 + x^4 + x^3 + x + 1, GF(2))
Polynomial representation
GF([[x, 1, 1],
    [1, x, 1],
    [1, 1, x]], order=2^8)
Integer representation
GF([[2, 1, 1],
    [1, 2, 1],
    [1, 1, 2]], order=2^8)
Hexadecimal representation
['0x2', '0x1', '0x1']
['0x1', '0x2', '0x1']
['0x1', '0x1', '0x2']
XOR cost: 6
XTIME cost: 3
Inverse matrix:
Polynomial representation
GF([[x^7 + x^3 + x^2 + 1, x^6 + x^5 + x^4 + x^3 + x + 1,
     x^6 + x^5 + x^4 + x^3 + x + 1],
    [x^6 + x^5 + x^4 + x^3 + x + 1, x^7 + x^3 + x^2 + 1,
     x^6 + x^5 + x^4 + x^3 + x + 1],
    [x^6 + x^5 + x^4 + x^3 + x + 1, x^6 + x^5 + x^4 + x^3 + x + 1,
     x^7 + x^3 + x^2 + 1]], order=2^8)
Integer representation
GF([[141, 123, 123],
    [123, 141, 123],
    [123, 123, 141]], order=2^8)
Hexadecimal representation
['0x8d', '0x7b', '0x7b']
['0x7b', '0x8d', '0x7b']
['0x7b', '0x7b', '0x8d']
XOR cost: 45
XTIME cost: 57
which is also MDS.
(2, 1, 2)
Found MDS matrix for GF 256 and p(x) = Poly(x^8 + x^4 + x^3 + x + 1, GF(2))
Polynomial representation
GF([[x, 1, x],
    [x, x, 1],
    [1, x, x]], order=2^8)
Integer representation
GF([[2, 1, 2],
    [2, 2, 1],
    [1, 2, 2]], order=2^8)
Hexadecimal representation
['0x2', '0x1', '0x2']
['0x2', '0x2', '0x1']
['0x1', '0x2', '0x2']
XOR cost: 6
XTIME cost: 6
Inverse matrix:
Polynomial representation
GF([[x^7 + x^6 + x^5 + x^4 + x^2 + x + 1,
     x^7 + x^6 + x^5 + x^4 + x^2 + x + 1, 1],
    [1, x^7 + x^6 + x^5 + x^4 + x^2 + x + 1,
     x^7 + x^6 + x^5 + x^4 + x^2 + x + 1],
    [x^7 + x^6 + x^5 + x^4 + x^2 + x + 1, 1,
     x^7 + x^6 + x^5 + x^4 + x^2 + x + 1]], order=2^8)
Integer representation
GF([[247, 247,   1],
    [  1, 247, 247],
    [247,   1, 247]], order=2^8)
Hexadecimal representation
['0xf7', '0xf7', '0x1']
['0x1', '0xf7', '0xf7']
['0xf7', '0x1', '0xf7']
XOR cost: 42
XTIME cost: 42
which is also MDS.
(2, 1, 3)
(2, 2, 1)
Found MDS matrix for GF 256 and p(x) = Poly(x^8 + x^4 + x^3 + x + 1, GF(2))
Polynomial representation
GF([[x, x, 1],
    [1, x, x],
    [x, 1, x]], order=2^8)
Integer representation
GF([[2, 2, 1],
    [1, 2, 2],
    [2, 1, 2]], order=2^8)
Hexadecimal representation
['0x2', '0x2', '0x1']
['0x1', '0x2', '0x2']
['0x2', '0x1', '0x2']
XOR cost: 6
XTIME cost: 6
Inverse matrix:
Polynomial representation
GF([[x^7 + x^6 + x^5 + x^4 + x^2 + x + 1, 1,
     x^7 + x^6 + x^5 + x^4 + x^2 + x + 1],
    [x^7 + x^6 + x^5 + x^4 + x^2 + x + 1,
     x^7 + x^6 + x^5 + x^4 + x^2 + x + 1, 1],
    [1, x^7 + x^6 + x^5 + x^4 + x^2 + x + 1,
     x^7 + x^6 + x^5 + x^4 + x^2 + x + 1]], order=2^8)
Integer representation
GF([[247,   1, 247],
    [247, 247,   1],
    [  1, 247, 247]], order=2^8)
Hexadecimal representation
['0xf7', '0x1', '0xf7']
['0xf7', '0xf7', '0x1']
['0x1', '0xf7', '0xf7']
XOR cost: 42
XTIME cost: 42
which is also MDS.
(2, 2, 2)
(2, 2, 3)
Found MDS matrix for GF 256 and p(x) = Poly(x^8 + x^4 + x^3 + x + 1, GF(2))
Polynomial representation
GF([[x, x, x + 1],
    [x + 1, x, x],
    [x, x + 1, x]], order=2^8)
Integer representation
GF([[2, 2, 3],
    [3, 2, 2],
    [2, 3, 2]], order=2^8)
Hexadecimal representation
['0x2', '0x2', '0x3']
['0x3', '0x2', '0x2']
['0x2', '0x3', '0x2']
XOR cost: 9
XTIME cost: 9
Inverse matrix:
Polynomial representation
GF([[x^7 + x^6 + x^5 + x^4 + x^2 + x + 1,
     x^7 + x^6 + x^5 + x^4 + x^2 + x,
     x^7 + x^6 + x^5 + x^4 + x^2 + x + 1],
    [x^7 + x^6 + x^5 + x^4 + x^2 + x + 1,
     x^7 + x^6 + x^5 + x^4 + x^2 + x + 1,
     x^7 + x^6 + x^5 + x^4 + x^2 + x],
    [x^7 + x^6 + x^5 + x^4 + x^2 + x,
     x^7 + x^6 + x^5 + x^4 + x^2 + x + 1,
     x^7 + x^6 + x^5 + x^4 + x^2 + x + 1]], order=2^8)
Integer representation
GF([[247, 246, 247],
    [247, 247, 246],
    [246, 247, 247]], order=2^8)
Hexadecimal representation
['0xf7', '0xf6', '0xf7']
['0xf7', '0xf7', '0xf6']
['0xf6', '0xf7', '0xf7']
XOR cost: 57
XTIME cost: 63
which is also MDS.
(2, 3, 1)
(2, 3, 2)
Found MDS matrix for GF 256 and p(x) = Poly(x^8 + x^4 + x^3 + x + 1, GF(2))
Polynomial representation
GF([[x, x + 1, x],
    [x, x, x + 1],
    [x + 1, x, x]], order=2^8)
Integer representation
GF([[2, 3, 2],
    [2, 2, 3],
    [3, 2, 2]], order=2^8)
Hexadecimal representation
['0x2', '0x3', '0x2']
['0x2', '0x2', '0x3']
['0x3', '0x2', '0x2']
XOR cost: 9
XTIME cost: 9
Inverse matrix:
Polynomial representation
GF([[x^7 + x^6 + x^5 + x^4 + x^2 + x + 1,
     x^7 + x^6 + x^5 + x^4 + x^2 + x + 1,
     x^7 + x^6 + x^5 + x^4 + x^2 + x],
    [x^7 + x^6 + x^5 + x^4 + x^2 + x,
     x^7 + x^6 + x^5 + x^4 + x^2 + x + 1,
     x^7 + x^6 + x^5 + x^4 + x^2 + x + 1],
    [x^7 + x^6 + x^5 + x^4 + x^2 + x + 1,
     x^7 + x^6 + x^5 + x^4 + x^2 + x,
     x^7 + x^6 + x^5 + x^4 + x^2 + x + 1]], order=2^8)
Integer representation
GF([[247, 247, 246],
    [246, 247, 247],
    [247, 246, 247]], order=2^8)
Hexadecimal representation
['0xf7', '0xf7', '0xf6']
['0xf6', '0xf7', '0xf7']
['0xf7', '0xf6', '0xf7']
XOR cost: 57
XTIME cost: 63
which is also MDS.
(2, 3, 3)
Found MDS matrix for GF 256 and p(x) = Poly(x^8 + x^4 + x^3 + x + 1, GF(2))
Polynomial representation
GF([[x, x + 1, x + 1],
    [x + 1, x, x + 1],
    [x + 1, x + 1, x]], order=2^8)
Integer representation
GF([[2, 3, 3],
    [3, 2, 3],
    [3, 3, 2]], order=2^8)
Hexadecimal representation
['0x2', '0x3', '0x3']
['0x3', '0x2', '0x3']
['0x3', '0x3', '0x2']
XOR cost: 12
XTIME cost: 9
Inverse matrix:
Polynomial representation
GF([[x^7 + x^3 + x^2 + 1, x^7 + x^3 + x^2, x^7 + x^3 + x^2],
    [x^7 + x^3 + x^2, x^7 + x^3 + x^2 + 1, x^7 + x^3 + x^2],
    [x^7 + x^3 + x^2, x^7 + x^3 + x^2, x^7 + x^3 + x^2 + 1]], order=2^8)
Integer representation
GF([[141, 140, 140],
    [140, 141, 140],
    [140, 140, 141]], order=2^8)
Hexadecimal representation
['0x8d', '0x8c', '0x8c']
['0x8c', '0x8d', '0x8c']
['0x8c', '0x8c', '0x8d']
XOR cost: 27
XTIME cost: 63
which is also MDS.
(3, 1, 1)
Found MDS matrix for GF 256 and p(x) = Poly(x^8 + x^4 + x^3 + x + 1, GF(2))
Polynomial representation
GF([[x + 1, 1, 1],
    [1, x + 1, 1],
    [1, 1, x + 1]], order=2^8)
Integer representation
GF([[3, 1, 1],
    [1, 3, 1],
    [1, 1, 3]], order=2^8)
Hexadecimal representation
['0x3', '0x1', '0x1']
['0x1', '0x3', '0x1']
['0x1', '0x1', '0x3']
XOR cost: 9
XTIME cost: 3
Inverse matrix:
Polynomial representation
GF([[x^7 + x^6 + x^5 + x^4 + x^2 + x, x^6 + x^5 + x^4 + x^3 + x + 1,
     x^6 + x^5 + x^4 + x^3 + x + 1],
    [x^6 + x^5 + x^4 + x^3 + x + 1, x^7 + x^6 + x^5 + x^4 + x^2 + x,
     x^6 + x^5 + x^4 + x^3 + x + 1],
    [x^6 + x^5 + x^4 + x^3 + x + 1, x^6 + x^5 + x^4 + x^3 + x + 1,
     x^7 + x^6 + x^5 + x^4 + x^2 + x]], order=2^8)
Integer representation
GF([[246, 123, 123],
    [123, 246, 123],
    [123, 123, 246]], order=2^8)
Hexadecimal representation
['0xf6', '0x7b', '0x7b']
['0x7b', '0xf6', '0x7b']
['0x7b', '0x7b', '0xf6']
XOR cost: 51
XTIME cost: 57
which is also MDS.
(3, 1, 2)
(3, 1, 3)
Found MDS matrix for GF 256 and p(x) = Poly(x^8 + x^4 + x^3 + x + 1, GF(2))
Polynomial representation
GF([[x + 1, 1, x + 1],
    [x + 1, x + 1, 1],
    [1, x + 1, x + 1]], order=2^8)
Integer representation
GF([[3, 1, 3],
    [3, 3, 1],
    [1, 3, 3]], order=2^8)
Hexadecimal representation
['0x3', '0x1', '0x3']
['0x3', '0x3', '0x1']
['0x1', '0x3', '0x3']
XOR cost: 12
XTIME cost: 6
Inverse matrix:
Polynomial representation
GF([[x^7 + x^3 + x^2, x^7 + x^3 + x^2, 1],
    [1, x^7 + x^3 + x^2, x^7 + x^3 + x^2],
    [x^7 + x^3 + x^2, 1, x^7 + x^3 + x^2]], order=2^8)
Integer representation
GF([[140, 140,   1],
    [  1, 140, 140],
    [140,   1, 140]], order=2^8)
Hexadecimal representation
['0x8c', '0x8c', '0x1']
['0x1', '0x8c', '0x8c']
['0x8c', '0x1', '0x8c']
XOR cost: 18
XTIME cost: 42
which is also MDS.
(3, 2, 1)
(3, 2, 2)
Found MDS matrix for GF 256 and p(x) = Poly(x^8 + x^4 + x^3 + x + 1, GF(2))
Polynomial representation
GF([[x + 1, x, x],
    [x, x + 1, x],
    [x, x, x + 1]], order=2^8)
Integer representation
GF([[3, 2, 2],
    [2, 3, 2],
    [2, 2, 3]], order=2^8)
Hexadecimal representation
['0x3', '0x2', '0x2']
['0x2', '0x3', '0x2']
['0x2', '0x2', '0x3']
XOR cost: 9
XTIME cost: 9
Inverse matrix:
Polynomial representation
GF([[x^7 + x^6 + x^5 + x^4 + x^2 + x,
     x^7 + x^6 + x^5 + x^4 + x^2 + x + 1,
     x^7 + x^6 + x^5 + x^4 + x^2 + x + 1],
    [x^7 + x^6 + x^5 + x^4 + x^2 + x + 1,
     x^7 + x^6 + x^5 + x^4 + x^2 + x,
     x^7 + x^6 + x^5 + x^4 + x^2 + x + 1],
    [x^7 + x^6 + x^5 + x^4 + x^2 + x + 1,
     x^7 + x^6 + x^5 + x^4 + x^2 + x + 1,
     x^7 + x^6 + x^5 + x^4 + x^2 + x]], order=2^8)
Integer representation
GF([[246, 247, 247],
    [247, 246, 247],
    [247, 247, 246]], order=2^8)
Hexadecimal representation
['0xf6', '0xf7', '0xf7']
['0xf7', '0xf6', '0xf7']
['0xf7', '0xf7', '0xf6']
XOR cost: 57
XTIME cost: 63
which is also MDS.
(3, 2, 3)
Found MDS matrix for GF 256 and p(x) = Poly(x^8 + x^4 + x^3 + x + 1, GF(2))
Polynomial representation
GF([[x + 1, x, x + 1],
    [x + 1, x + 1, x],
    [x, x + 1, x + 1]], order=2^8)
Integer representation
GF([[3, 2, 3],
    [3, 3, 2],
    [2, 3, 3]], order=2^8)
Hexadecimal representation
['0x3', '0x2', '0x3']
['0x3', '0x3', '0x2']
['0x2', '0x3', '0x3']
XOR cost: 12
XTIME cost: 9
Inverse matrix:
Polynomial representation
GF([[x^7 + x^3 + x^2, x^7 + x^3 + x^2, x^7 + x^3 + x^2 + 1],
    [x^7 + x^3 + x^2 + 1, x^7 + x^3 + x^2, x^7 + x^3 + x^2],
    [x^7 + x^3 + x^2, x^7 + x^3 + x^2 + 1, x^7 + x^3 + x^2]], order=2^8)
Integer representation
GF([[140, 140, 141],
    [141, 140, 140],
    [140, 141, 140]], order=2^8)
Hexadecimal representation
['0x8c', '0x8c', '0x8d']
['0x8d', '0x8c', '0x8c']
['0x8c', '0x8d', '0x8c']
XOR cost: 27
XTIME cost: 63
which is also MDS.
(3, 3, 1)
Found MDS matrix for GF 256 and p(x) = Poly(x^8 + x^4 + x^3 + x + 1, GF(2))
Polynomial representation
GF([[x + 1, x + 1, 1],
    [1, x + 1, x + 1],
    [x + 1, 1, x + 1]], order=2^8)
Integer representation
GF([[3, 3, 1],
    [1, 3, 3],
    [3, 1, 3]], order=2^8)
Hexadecimal representation
['0x3', '0x3', '0x1']
['0x1', '0x3', '0x3']
['0x3', '0x1', '0x3']
XOR cost: 12
XTIME cost: 6
Inverse matrix:
Polynomial representation
GF([[x^7 + x^3 + x^2, 1, x^7 + x^3 + x^2],
    [x^7 + x^3 + x^2, x^7 + x^3 + x^2, 1],
    [1, x^7 + x^3 + x^2, x^7 + x^3 + x^2]], order=2^8)
Integer representation
GF([[140,   1, 140],
    [140, 140,   1],
    [  1, 140, 140]], order=2^8)
Hexadecimal representation
['0x8c', '0x1', '0x8c']
['0x8c', '0x8c', '0x1']
['0x1', '0x8c', '0x8c']
XOR cost: 18
XTIME cost: 42
which is also MDS.
(3, 3, 2)
Found MDS matrix for GF 256 and p(x) = Poly(x^8 + x^4 + x^3 + x + 1, GF(2))
Polynomial representation
GF([[x + 1, x + 1, x],
    [x, x + 1, x + 1],
    [x + 1, x, x + 1]], order=2^8)
Integer representation
GF([[3, 3, 2],
    [2, 3, 3],
    [3, 2, 3]], order=2^8)
Hexadecimal representation
['0x3', '0x3', '0x2']
['0x2', '0x3', '0x3']
['0x3', '0x2', '0x3']
XOR cost: 12
XTIME cost: 9
Inverse matrix:
Polynomial representation
GF([[x^7 + x^3 + x^2, x^7 + x^3 + x^2 + 1, x^7 + x^3 + x^2],
    [x^7 + x^3 + x^2, x^7 + x^3 + x^2, x^7 + x^3 + x^2 + 1],
    [x^7 + x^3 + x^2 + 1, x^7 + x^3 + x^2, x^7 + x^3 + x^2]], order=2^8)
Integer representation
GF([[140, 141, 140],
    [140, 140, 141],
    [141, 140, 140]], order=2^8)
Hexadecimal representation
['0x8c', '0x8d', '0x8c']
['0x8c', '0x8c', '0x8d']
['0x8d', '0x8c', '0x8c']
XOR cost: 27
XTIME cost: 63
which is also MDS.
(3, 3, 3)
