(1, 1, 1)
(1, 1, 2)
Found MDS matrix for GF 256 and p(x) = Poly(x^8 + x^4 + x^3 + x + 1, GF(2))
Polynomial representation
GF([[1, 1, x],
    [x, 1, 1],
    [1, x, 1]], order=2^8)
Integer representation
GF([[1, 1, 2],
    [2, 1, 1],
    [1, 2, 1]], order=2^8)
Hexadecimal representation
['0x1', '0x1', '0x2']
['0x2', '0x1', '0x1']
['0x1', '0x2', '0x1']
XOR cost: 6
XTIME cost: 3
Inverse matrix:
Polynomial representation
GF([[x^6 + x^5 + x^4 + x^3 + x + 1, x^7 + x^3 + x^2 + 1,
     x^6 + x^5 + x^4 + x^3 + x + 1],
    [x^6 + x^5 + x^4 + x^3 + x + 1, x^6 + x^5 + x^4 + x^3 + x + 1,
     x^7 + x^3 + x^2 + 1],
    [x^7 + x^3 + x^2 + 1, x^6 + x^5 + x^4 + x^3 + x + 1,
     x^6 + x^5 + x^4 + x^3 + x + 1]], order=2^8)
Integer representation
GF([[123, 141, 123],
    [123, 123, 141],
    [141, 123, 123]], order=2^8)
Hexadecimal representation
['0x7b', '0x8d', '0x7b']
['0x7b', '0x7b', '0x8d']
['0x8d', '0x7b', '0x7b']
XOR cost: 45
XTIME cost: 57
which is also MDS.
(1, 1, 3)
Found MDS matrix for GF 256 and p(x) = Poly(x^8 + x^4 + x^3 + x + 1, GF(2))
Polynomial representation
GF([[1, 1, x + 1],
    [x + 1, 1, 1],
    [1, x + 1, 1]], order=2^8)
Integer representation
GF([[1, 1, 3],
    [3, 1, 1],
    [1, 3, 1]], order=2^8)
Hexadecimal representation
['0x1', '0x1', '0x3']
['0x3', '0x1', '0x1']
['0x1', '0x3', '0x1']
XOR cost: 9
XTIME cost: 3
Inverse matrix:
Polynomial representation
GF([[x^6 + x^5 + x^4 + x^3 + x + 1, x^7 + x^6 + x^5 + x^4 + x^2 + x,
     x^6 + x^5 + x^4 + x^3 + x + 1],
    [x^6 + x^5 + x^4 + x^3 + x + 1, x^6 + x^5 + x^4 + x^3 + x + 1,
     x^7 + x^6 + x^5 + x^4 + x^2 + x],
    [x^7 + x^6 + x^5 + x^4 + x^2 + x, x^6 + x^5 + x^4 + x^3 + x + 1,
     x^6 + x^5 + x^4 + x^3 + x + 1]], order=2^8)
Integer representation
GF([[123, 246, 123],
    [123, 123, 246],
    [246, 123, 123]], order=2^8)
Hexadecimal representation
['0x7b', '0xf6', '0x7b']
['0x7b', '0x7b', '0xf6']
['0xf6', '0x7b', '0x7b']
XOR cost: 51
XTIME cost: 57
which is also MDS.
(1, 1, 4)
Found MDS matrix for GF 256 and p(x) = Poly(x^8 + x^4 + x^3 + x + 1, GF(2))
Polynomial representation
GF([[1, 1, x^2],
    [x^2, 1, 1],
    [1, x^2, 1]], order=2^8)
Integer representation
GF([[1, 1, 4],
    [4, 1, 1],
    [1, 4, 1]], order=2^8)
Hexadecimal representation
['0x1', '0x1', '0x4']
['0x4', '0x1', '0x1']
['0x1', '0x4', '0x1']
XOR cost: 6
XTIME cost: 6
Inverse matrix:
Polynomial representation
GF([[x^7 + x^4 + x^3 + 1, x^7 + x^6 + x^3 + x + 1, x^7 + x^4 + x^3 + 1],
    [x^7 + x^4 + x^3 + 1, x^7 + x^4 + x^3 + 1, x^7 + x^6 + x^3 + x + 1],
    [x^7 + x^6 + x^3 + x + 1, x^7 + x^4 + x^3 + 1, x^7 + x^4 + x^3 + 1]],
   order=2^8)
Integer representation
GF([[153, 203, 153],
    [153, 153, 203],
    [203, 153, 153]], order=2^8)
Hexadecimal representation
['0x99', '0xcb', '0x99']
['0x99', '0x99', '0xcb']
['0xcb', '0x99', '0x99']
XOR cost: 36
XTIME cost: 63
which is also MDS.
(1, 2, 1)
Found MDS matrix for GF 256 and p(x) = Poly(x^8 + x^4 + x^3 + x + 1, GF(2))
Polynomial representation
GF([[1, x, 1],
    [1, 1, x],
    [x, 1, 1]], order=2^8)
Integer representation
GF([[1, 2, 1],
    [1, 1, 2],
    [2, 1, 1]], order=2^8)
Hexadecimal representation
['0x1', '0x2', '0x1']
['0x1', '0x1', '0x2']
['0x2', '0x1', '0x1']
XOR cost: 6
XTIME cost: 3
Inverse matrix:
Polynomial representation
GF([[x^6 + x^5 + x^4 + x^3 + x + 1, x^6 + x^5 + x^4 + x^3 + x + 1,
     x^7 + x^3 + x^2 + 1],
    [x^7 + x^3 + x^2 + 1, x^6 + x^5 + x^4 + x^3 + x + 1,
     x^6 + x^5 + x^4 + x^3 + x + 1],
    [x^6 + x^5 + x^4 + x^3 + x + 1, x^7 + x^3 + x^2 + 1,
     x^6 + x^5 + x^4 + x^3 + x + 1]], order=2^8)
Integer representation
GF([[123, 123, 141],
    [141, 123, 123],
    [123, 141, 123]], order=2^8)
Hexadecimal representation
['0x7b', '0x7b', '0x8d']
['0x8d', '0x7b', '0x7b']
['0x7b', '0x8d', '0x7b']
XOR cost: 45
XTIME cost: 57
which is also MDS.
(1, 2, 2)
Found MDS matrix for GF 256 and p(x) = Poly(x^8 + x^4 + x^3 + x + 1, GF(2))
Polynomial representation
GF([[1, x, x],
    [x, 1, x],
    [x, x, 1]], order=2^8)
Integer representation
GF([[1, 2, 2],
    [2, 1, 2],
    [2, 2, 1]], order=2^8)
Hexadecimal representation
['0x1', '0x2', '0x2']
['0x2', '0x1', '0x2']
['0x2', '0x2', '0x1']
XOR cost: 6
XTIME cost: 6
Inverse matrix:
Polynomial representation
GF([[1, x^7 + x^6 + x^5 + x^4 + x^2 + x + 1,
     x^7 + x^6 + x^5 + x^4 + x^2 + x + 1],
    [x^7 + x^6 + x^5 + x^4 + x^2 + x + 1, 1,
     x^7 + x^6 + x^5 + x^4 + x^2 + x + 1],
    [x^7 + x^6 + x^5 + x^4 + x^2 + x + 1,
     x^7 + x^6 + x^5 + x^4 + x^2 + x + 1, 1]], order=2^8)
Integer representation
GF([[  1, 247, 247],
    [247,   1, 247],
    [247, 247,   1]], order=2^8)
Hexadecimal representation
['0x1', '0xf7', '0xf7']
['0xf7', '0x1', '0xf7']
['0xf7', '0xf7', '0x1']
XOR cost: 42
XTIME cost: 42
which is also MDS.
(1, 2, 3)
(1, 2, 4)
(1, 3, 1)
Found MDS matrix for GF 256 and p(x) = Poly(x^8 + x^4 + x^3 + x + 1, GF(2))
Polynomial representation
GF([[1, x + 1, 1],
    [1, 1, x + 1],
    [x + 1, 1, 1]], order=2^8)
Integer representation
GF([[1, 3, 1],
    [1, 1, 3],
    [3, 1, 1]], order=2^8)
Hexadecimal representation
['0x1', '0x3', '0x1']
['0x1', '0x1', '0x3']
['0x3', '0x1', '0x1']
XOR cost: 9
XTIME cost: 3
Inverse matrix:
Polynomial representation
GF([[x^6 + x^5 + x^4 + x^3 + x + 1, x^6 + x^5 + x^4 + x^3 + x + 1,
     x^7 + x^6 + x^5 + x^4 + x^2 + x],
    [x^7 + x^6 + x^5 + x^4 + x^2 + x, x^6 + x^5 + x^4 + x^3 + x + 1,
     x^6 + x^5 + x^4 + x^3 + x + 1],
    [x^6 + x^5 + x^4 + x^3 + x + 1, x^7 + x^6 + x^5 + x^4 + x^2 + x,
     x^6 + x^5 + x^4 + x^3 + x + 1]], order=2^8)
Integer representation
GF([[123, 123, 246],
    [246, 123, 123],
    [123, 246, 123]], order=2^8)
Hexadecimal representation
['0x7b', '0x7b', '0xf6']
['0xf6', '0x7b', '0x7b']
['0x7b', '0xf6', '0x7b']
XOR cost: 51
XTIME cost: 57
which is also MDS.
(1, 3, 2)
(1, 3, 3)
Found MDS matrix for GF 256 and p(x) = Poly(x^8 + x^4 + x^3 + x + 1, GF(2))
Polynomial representation
GF([[1, x + 1, x + 1],
    [x + 1, 1, x + 1],
    [x + 1, x + 1, 1]], order=2^8)
Integer representation
GF([[1, 3, 3],
    [3, 1, 3],
    [3, 3, 1]], order=2^8)
Hexadecimal representation
['0x1', '0x3', '0x3']
['0x3', '0x1', '0x3']
['0x3', '0x3', '0x1']
XOR cost: 12
XTIME cost: 6
Inverse matrix:
Polynomial representation
GF([[1, x^7 + x^3 + x^2, x^7 + x^3 + x^2],
    [x^7 + x^3 + x^2, 1, x^7 + x^3 + x^2],
    [x^7 + x^3 + x^2, x^7 + x^3 + x^2, 1]], order=2^8)
Integer representation
GF([[  1, 140, 140],
    [140,   1, 140],
    [140, 140,   1]], order=2^8)
Hexadecimal representation
['0x1', '0x8c', '0x8c']
['0x8c', '0x1', '0x8c']
['0x8c', '0x8c', '0x1']
XOR cost: 18
XTIME cost: 42
which is also MDS.
(1, 3, 4)
Found MDS matrix for GF 256 and p(x) = Poly(x^8 + x^4 + x^3 + x + 1, GF(2))
Polynomial representation
GF([[1, x + 1, x^2],
    [x^2, 1, x + 1],
    [x + 1, x^2, 1]], order=2^8)
Integer representation
GF([[1, 3, 4],
    [4, 1, 3],
    [3, 4, 1]], order=2^8)
Hexadecimal representation
['0x1', '0x3', '0x4']
['0x4', '0x1', '0x3']
['0x3', '0x4', '0x1']
XOR cost: 9
XTIME cost: 9
Inverse matrix:
Polynomial representation
GF([[x^6 + x^3, x^2, x^5 + x^4 + x^2 + x + 1],
    [x^5 + x^4 + x^2 + x + 1, x^6 + x^3, x^2],
    [x^2, x^5 + x^4 + x^2 + x + 1, x^6 + x^3]], order=2^8)
Integer representation
GF([[72,  4, 55],
    [55, 72,  4],
    [ 4, 55, 72]], order=2^8)
Hexadecimal representation
['0x48', '0x4', '0x37']
['0x37', '0x48', '0x4']
['0x4', '0x37', '0x48']
XOR cost: 21
XTIME cost: 39
which is also MDS.
(1, 4, 1)
Found MDS matrix for GF 256 and p(x) = Poly(x^8 + x^4 + x^3 + x + 1, GF(2))
Polynomial representation
GF([[1, x^2, 1],
    [1, 1, x^2],
    [x^2, 1, 1]], order=2^8)
Integer representation
GF([[1, 4, 1],
    [1, 1, 4],
    [4, 1, 1]], order=2^8)
Hexadecimal representation
['0x1', '0x4', '0x1']
['0x1', '0x1', '0x4']
['0x4', '0x1', '0x1']
XOR cost: 6
XTIME cost: 6
Inverse matrix:
Polynomial representation
GF([[x^7 + x^4 + x^3 + 1, x^7 + x^4 + x^3 + 1, x^7 + x^6 + x^3 + x + 1],
    [x^7 + x^6 + x^3 + x + 1, x^7 + x^4 + x^3 + 1, x^7 + x^4 + x^3 + 1],
    [x^7 + x^4 + x^3 + 1, x^7 + x^6 + x^3 + x + 1, x^7 + x^4 + x^3 + 1]],
   order=2^8)
Integer representation
GF([[153, 153, 203],
    [203, 153, 153],
    [153, 203, 153]], order=2^8)
Hexadecimal representation
['0x99', '0x99', '0xcb']
['0xcb', '0x99', '0x99']
['0x99', '0xcb', '0x99']
XOR cost: 36
XTIME cost: 63
which is also MDS.
(1, 4, 2)
(1, 4, 3)
Found MDS matrix for GF 256 and p(x) = Poly(x^8 + x^4 + x^3 + x + 1, GF(2))
Polynomial representation
GF([[1, x^2, x + 1],
    [x + 1, 1, x^2],
    [x^2, x + 1, 1]], order=2^8)
Integer representation
GF([[1, 4, 3],
    [3, 1, 4],
    [4, 3, 1]], order=2^8)
Hexadecimal representation
['0x1', '0x4', '0x3']
['0x3', '0x1', '0x4']
['0x4', '0x3', '0x1']
XOR cost: 9
XTIME cost: 9
Inverse matrix:
Polynomial representation
GF([[x^6 + x^3, x^5 + x^4 + x^2 + x + 1, x^2],
    [x^2, x^6 + x^3, x^5 + x^4 + x^2 + x + 1],
    [x^5 + x^4 + x^2 + x + 1, x^2, x^6 + x^3]], order=2^8)
Integer representation
GF([[72, 55,  4],
    [ 4, 72, 55],
    [55,  4, 72]], order=2^8)
Hexadecimal representation
['0x48', '0x37', '0x4']
['0x4', '0x48', '0x37']
['0x37', '0x4', '0x48']
XOR cost: 21
XTIME cost: 39
which is also MDS.
(1, 4, 4)
Found MDS matrix for GF 256 and p(x) = Poly(x^8 + x^4 + x^3 + x + 1, GF(2))
Polynomial representation
GF([[1, x^2, x^2],
    [x^2, 1, x^2],
    [x^2, x^2, 1]], order=2^8)
Integer representation
GF([[1, 4, 4],
    [4, 1, 4],
    [4, 4, 1]], order=2^8)
Hexadecimal representation
['0x1', '0x4', '0x4']
['0x4', '0x1', '0x4']
['0x4', '0x4', '0x1']
XOR cost: 6
XTIME cost: 12
Inverse matrix:
Polynomial representation
GF([[1, x^6 + x^4 + x + 1, x^6 + x^4 + x + 1],
    [x^6 + x^4 + x + 1, 1, x^6 + x^4 + x + 1],
    [x^6 + x^4 + x + 1, x^6 + x^4 + x + 1, 1]], order=2^8)
Integer representation
GF([[ 1, 83, 83],
    [83,  1, 83],
    [83, 83,  1]], order=2^8)
Hexadecimal representation
['0x1', '0x53', '0x53']
['0x53', '0x1', '0x53']
['0x53', '0x53', '0x1']
XOR cost: 24
XTIME cost: 36
which is also MDS.
(2, 1, 1)
Found MDS matrix for GF 256 and p(x) = Poly(x^8 + x^4 + x^3 + x + 1, GF(2))
Polynomial representation
GF([[x, 1, 1],
    [1, x, 1],
    [1, 1, x]], order=2^8)
Integer representation
GF([[2, 1, 1],
    [1, 2, 1],
    [1, 1, 2]], order=2^8)
Hexadecimal representation
['0x2', '0x1', '0x1']
['0x1', '0x2', '0x1']
['0x1', '0x1', '0x2']
XOR cost: 6
XTIME cost: 3
Inverse matrix:
Polynomial representation
GF([[x^7 + x^3 + x^2 + 1, x^6 + x^5 + x^4 + x^3 + x + 1,
     x^6 + x^5 + x^4 + x^3 + x + 1],
    [x^6 + x^5 + x^4 + x^3 + x + 1, x^7 + x^3 + x^2 + 1,
     x^6 + x^5 + x^4 + x^3 + x + 1],
    [x^6 + x^5 + x^4 + x^3 + x + 1, x^6 + x^5 + x^4 + x^3 + x + 1,
     x^7 + x^3 + x^2 + 1]], order=2^8)
Integer representation
GF([[141, 123, 123],
    [123, 141, 123],
    [123, 123, 141]], order=2^8)
Hexadecimal representation
['0x8d', '0x7b', '0x7b']
['0x7b', '0x8d', '0x7b']
['0x7b', '0x7b', '0x8d']
XOR cost: 45
XTIME cost: 57
which is also MDS.
(2, 1, 2)
Found MDS matrix for GF 256 and p(x) = Poly(x^8 + x^4 + x^3 + x + 1, GF(2))
Polynomial representation
GF([[x, 1, x],
    [x, x, 1],
    [1, x, x]], order=2^8)
Integer representation
GF([[2, 1, 2],
    [2, 2, 1],
    [1, 2, 2]], order=2^8)
Hexadecimal representation
['0x2', '0x1', '0x2']
['0x2', '0x2', '0x1']
['0x1', '0x2', '0x2']
XOR cost: 6
XTIME cost: 6
Inverse matrix:
Polynomial representation
GF([[x^7 + x^6 + x^5 + x^4 + x^2 + x + 1,
     x^7 + x^6 + x^5 + x^4 + x^2 + x + 1, 1],
    [1, x^7 + x^6 + x^5 + x^4 + x^2 + x + 1,
     x^7 + x^6 + x^5 + x^4 + x^2 + x + 1],
    [x^7 + x^6 + x^5 + x^4 + x^2 + x + 1, 1,
     x^7 + x^6 + x^5 + x^4 + x^2 + x + 1]], order=2^8)
Integer representation
GF([[247, 247,   1],
    [  1, 247, 247],
    [247,   1, 247]], order=2^8)
Hexadecimal representation
['0xf7', '0xf7', '0x1']
['0x1', '0xf7', '0xf7']
['0xf7', '0x1', '0xf7']
XOR cost: 42
XTIME cost: 42
which is also MDS.
(2, 1, 3)
(2, 1, 4)
(2, 2, 1)
Found MDS matrix for GF 256 and p(x) = Poly(x^8 + x^4 + x^3 + x + 1, GF(2))
Polynomial representation
GF([[x, x, 1],
    [1, x, x],
    [x, 1, x]], order=2^8)
Integer representation
GF([[2, 2, 1],
    [1, 2, 2],
    [2, 1, 2]], order=2^8)
Hexadecimal representation
['0x2', '0x2', '0x1']
['0x1', '0x2', '0x2']
['0x2', '0x1', '0x2']
XOR cost: 6
XTIME cost: 6
Inverse matrix:
Polynomial representation
GF([[x^7 + x^6 + x^5 + x^4 + x^2 + x + 1, 1,
     x^7 + x^6 + x^5 + x^4 + x^2 + x + 1],
    [x^7 + x^6 + x^5 + x^4 + x^2 + x + 1,
     x^7 + x^6 + x^5 + x^4 + x^2 + x + 1, 1],
    [1, x^7 + x^6 + x^5 + x^4 + x^2 + x + 1,
     x^7 + x^6 + x^5 + x^4 + x^2 + x + 1]], order=2^8)
Integer representation
GF([[247,   1, 247],
    [247, 247,   1],
    [  1, 247, 247]], order=2^8)
Hexadecimal representation
['0xf7', '0x1', '0xf7']
['0xf7', '0xf7', '0x1']
['0x1', '0xf7', '0xf7']
XOR cost: 42
XTIME cost: 42
which is also MDS.
(2, 2, 2)
(2, 2, 3)
Found MDS matrix for GF 256 and p(x) = Poly(x^8 + x^4 + x^3 + x + 1, GF(2))
Polynomial representation
GF([[x, x, x + 1],
    [x + 1, x, x],
    [x, x + 1, x]], order=2^8)
Integer representation
GF([[2, 2, 3],
    [3, 2, 2],
    [2, 3, 2]], order=2^8)
Hexadecimal representation
['0x2', '0x2', '0x3']
['0x3', '0x2', '0x2']
['0x2', '0x3', '0x2']
XOR cost: 9
XTIME cost: 9
Inverse matrix:
Polynomial representation
GF([[x^7 + x^6 + x^5 + x^4 + x^2 + x + 1,
     x^7 + x^6 + x^5 + x^4 + x^2 + x,
     x^7 + x^6 + x^5 + x^4 + x^2 + x + 1],
    [x^7 + x^6 + x^5 + x^4 + x^2 + x + 1,
     x^7 + x^6 + x^5 + x^4 + x^2 + x + 1,
     x^7 + x^6 + x^5 + x^4 + x^2 + x],
    [x^7 + x^6 + x^5 + x^4 + x^2 + x,
     x^7 + x^6 + x^5 + x^4 + x^2 + x + 1,
     x^7 + x^6 + x^5 + x^4 + x^2 + x + 1]], order=2^8)
Integer representation
GF([[247, 246, 247],
    [247, 247, 246],
    [246, 247, 247]], order=2^8)
Hexadecimal representation
['0xf7', '0xf6', '0xf7']
['0xf7', '0xf7', '0xf6']
['0xf6', '0xf7', '0xf7']
XOR cost: 57
XTIME cost: 63
which is also MDS.
(2, 2, 4)
Found MDS matrix for GF 256 and p(x) = Poly(x^8 + x^4 + x^3 + x + 1, GF(2))
Polynomial representation
GF([[x, x, x^2],
    [x^2, x, x],
    [x, x^2, x]], order=2^8)
Integer representation
GF([[2, 2, 4],
    [4, 2, 2],
    [2, 4, 2]], order=2^8)
Hexadecimal representation
['0x2', '0x2', '0x4']
['0x4', '0x2', '0x2']
['0x2', '0x4', '0x2']
XOR cost: 6
XTIME cost: 12
Inverse matrix:
Polynomial representation
GF([[x^7 + x^5 + x^4, x^7 + x^6 + x^3 + x + 1, x^7 + x^5 + x^4],
    [x^7 + x^5 + x^4, x^7 + x^5 + x^4, x^7 + x^6 + x^3 + x + 1],
    [x^7 + x^6 + x^3 + x + 1, x^7 + x^5 + x^4, x^7 + x^5 + x^4]],
   order=2^8)
Integer representation
GF([[176, 203, 176],
    [176, 176, 203],
    [203, 176, 176]], order=2^8)
Hexadecimal representation
['0xb0', '0xcb', '0xb0']
['0xb0', '0xb0', '0xcb']
['0xcb', '0xb0', '0xb0']
XOR cost: 30
XTIME cost: 63
which is also MDS.
(2, 3, 1)
(2, 3, 2)
Found MDS matrix for GF 256 and p(x) = Poly(x^8 + x^4 + x^3 + x + 1, GF(2))
Polynomial representation
GF([[x, x + 1, x],
    [x, x, x + 1],
    [x + 1, x, x]], order=2^8)
Integer representation
GF([[2, 3, 2],
    [2, 2, 3],
    [3, 2, 2]], order=2^8)
Hexadecimal representation
['0x2', '0x3', '0x2']
['0x2', '0x2', '0x3']
['0x3', '0x2', '0x2']
XOR cost: 9
XTIME cost: 9
Inverse matrix:
Polynomial representation
GF([[x^7 + x^6 + x^5 + x^4 + x^2 + x + 1,
     x^7 + x^6 + x^5 + x^4 + x^2 + x + 1,
     x^7 + x^6 + x^5 + x^4 + x^2 + x],
    [x^7 + x^6 + x^5 + x^4 + x^2 + x,
     x^7 + x^6 + x^5 + x^4 + x^2 + x + 1,
     x^7 + x^6 + x^5 + x^4 + x^2 + x + 1],
    [x^7 + x^6 + x^5 + x^4 + x^2 + x + 1,
     x^7 + x^6 + x^5 + x^4 + x^2 + x,
     x^7 + x^6 + x^5 + x^4 + x^2 + x + 1]], order=2^8)
Integer representation
GF([[247, 247, 246],
    [246, 247, 247],
    [247, 246, 247]], order=2^8)
Hexadecimal representation
['0xf7', '0xf7', '0xf6']
['0xf6', '0xf7', '0xf7']
['0xf7', '0xf6', '0xf7']
XOR cost: 57
XTIME cost: 63
which is also MDS.
(2, 3, 3)
Found MDS matrix for GF 256 and p(x) = Poly(x^8 + x^4 + x^3 + x + 1, GF(2))
Polynomial representation
GF([[x, x + 1, x + 1],
    [x + 1, x, x + 1],
    [x + 1, x + 1, x]], order=2^8)
Integer representation
GF([[2, 3, 3],
    [3, 2, 3],
    [3, 3, 2]], order=2^8)
Hexadecimal representation
['0x2', '0x3', '0x3']
['0x3', '0x2', '0x3']
['0x3', '0x3', '0x2']
XOR cost: 12
XTIME cost: 9
Inverse matrix:
Polynomial representation
GF([[x^7 + x^3 + x^2 + 1, x^7 + x^3 + x^2, x^7 + x^3 + x^2],
    [x^7 + x^3 + x^2, x^7 + x^3 + x^2 + 1, x^7 + x^3 + x^2],
    [x^7 + x^3 + x^2, x^7 + x^3 + x^2, x^7 + x^3 + x^2 + 1]], order=2^8)
Integer representation
GF([[141, 140, 140],
    [140, 141, 140],
    [140, 140, 141]], order=2^8)
Hexadecimal representation
['0x8d', '0x8c', '0x8c']
['0x8c', '0x8d', '0x8c']
['0x8c', '0x8c', '0x8d']
XOR cost: 27
XTIME cost: 63
which is also MDS.
(2, 3, 4)
Found MDS matrix for GF 256 and p(x) = Poly(x^8 + x^4 + x^3 + x + 1, GF(2))
Polynomial representation
GF([[x, x + 1, x^2],
    [x^2, x, x + 1],
    [x + 1, x^2, x]], order=2^8)
Integer representation
GF([[2, 3, 4],
    [4, 2, 3],
    [3, 4, 2]], order=2^8)
Hexadecimal representation
['0x2', '0x3', '0x4']
['0x4', '0x2', '0x3']
['0x3', '0x4', '0x2']
XOR cost: 9
XTIME cost: 12
Inverse matrix:
Polynomial representation
GF([[x^7 + x^5 + x^4 + x^3, x^4 + x^3 + 1, x^7 + x^6 + x^5 + x^4 + x + 1],
    [x^7 + x^6 + x^5 + x^4 + x + 1, x^7 + x^5 + x^4 + x^3, x^4 + x^3 + 1],
    [x^4 + x^3 + 1, x^7 + x^6 + x^5 + x^4 + x + 1, x^7 + x^5 + x^4 + x^3]],
   order=2^8)
Integer representation
GF([[184,  25, 243],
    [243, 184,  25],
    [ 25, 243, 184]], order=2^8)
Hexadecimal representation
['0xb8', '0x19', '0xf3']
['0xf3', '0xb8', '0x19']
['0x19', '0xf3', '0xb8']
XOR cost: 36
XTIME cost: 54
which is also MDS.
(2, 4, 1)
(2, 4, 2)
Found MDS matrix for GF 256 and p(x) = Poly(x^8 + x^4 + x^3 + x + 1, GF(2))
Polynomial representation
GF([[x, x^2, x],
    [x, x, x^2],
    [x^2, x, x]], order=2^8)
Integer representation
GF([[2, 4, 2],
    [2, 2, 4],
    [4, 2, 2]], order=2^8)
Hexadecimal representation
['0x2', '0x4', '0x2']
['0x2', '0x2', '0x4']
['0x4', '0x2', '0x2']
XOR cost: 6
XTIME cost: 12
Inverse matrix:
Polynomial representation
GF([[x^7 + x^5 + x^4, x^7 + x^5 + x^4, x^7 + x^6 + x^3 + x + 1],
    [x^7 + x^6 + x^3 + x + 1, x^7 + x^5 + x^4, x^7 + x^5 + x^4],
    [x^7 + x^5 + x^4, x^7 + x^6 + x^3 + x + 1, x^7 + x^5 + x^4]],
   order=2^8)
Integer representation
GF([[176, 176, 203],
    [203, 176, 176],
    [176, 203, 176]], order=2^8)
Hexadecimal representation
['0xb0', '0xb0', '0xcb']
['0xcb', '0xb0', '0xb0']
['0xb0', '0xcb', '0xb0']
XOR cost: 30
XTIME cost: 63
which is also MDS.
(2, 4, 3)
Found MDS matrix for GF 256 and p(x) = Poly(x^8 + x^4 + x^3 + x + 1, GF(2))
Polynomial representation
GF([[x, x^2, x + 1],
    [x + 1, x, x^2],
    [x^2, x + 1, x]], order=2^8)
Integer representation
GF([[2, 4, 3],
    [3, 2, 4],
    [4, 3, 2]], order=2^8)
Hexadecimal representation
['0x2', '0x4', '0x3']
['0x3', '0x2', '0x4']
['0x4', '0x3', '0x2']
XOR cost: 9
XTIME cost: 12
Inverse matrix:
Polynomial representation
GF([[x^7 + x^5 + x^4 + x^3, x^7 + x^6 + x^5 + x^4 + x + 1, x^4 + x^3 + 1],
    [x^4 + x^3 + 1, x^7 + x^5 + x^4 + x^3, x^7 + x^6 + x^5 + x^4 + x + 1],
    [x^7 + x^6 + x^5 + x^4 + x + 1, x^4 + x^3 + 1, x^7 + x^5 + x^4 + x^3]],
   order=2^8)
Integer representation
GF([[184, 243,  25],
    [ 25, 184, 243],
    [243,  25, 184]], order=2^8)
Hexadecimal representation
['0xb8', '0xf3', '0x19']
['0x19', '0xb8', '0xf3']
['0xf3', '0x19', '0xb8']
XOR cost: 36
XTIME cost: 54
which is also MDS.
(2, 4, 4)
Found MDS matrix for GF 256 and p(x) = Poly(x^8 + x^4 + x^3 + x + 1, GF(2))
Polynomial representation
GF([[x, x^2, x^2],
    [x^2, x, x^2],
    [x^2, x^2, x]], order=2^8)
Integer representation
GF([[2, 4, 4],
    [4, 2, 4],
    [4, 4, 2]], order=2^8)
Hexadecimal representation
['0x2', '0x4', '0x4']
['0x4', '0x2', '0x4']
['0x4', '0x4', '0x2']
XOR cost: 6
XTIME cost: 15
Inverse matrix:
Polynomial representation
GF([[x^7 + x^3 + x^2 + 1, x^7 + x^6 + x^5 + x^4 + x^2 + x,
     x^7 + x^6 + x^5 + x^4 + x^2 + x],
    [x^7 + x^6 + x^5 + x^4 + x^2 + x, x^7 + x^3 + x^2 + 1,
     x^7 + x^6 + x^5 + x^4 + x^2 + x],
    [x^7 + x^6 + x^5 + x^4 + x^2 + x, x^7 + x^6 + x^5 + x^4 + x^2 + x,
     x^7 + x^3 + x^2 + 1]], order=2^8)
Integer representation
GF([[141, 246, 246],
    [246, 141, 246],
    [246, 246, 141]], order=2^8)
Hexadecimal representation
['0x8d', '0xf6', '0xf6']
['0xf6', '0x8d', '0xf6']
['0xf6', '0xf6', '0x8d']
XOR cost: 45
XTIME cost: 63
which is also MDS.
(3, 1, 1)
Found MDS matrix for GF 256 and p(x) = Poly(x^8 + x^4 + x^3 + x + 1, GF(2))
Polynomial representation
GF([[x + 1, 1, 1],
    [1, x + 1, 1],
    [1, 1, x + 1]], order=2^8)
Integer representation
GF([[3, 1, 1],
    [1, 3, 1],
    [1, 1, 3]], order=2^8)
Hexadecimal representation
['0x3', '0x1', '0x1']
['0x1', '0x3', '0x1']
['0x1', '0x1', '0x3']
XOR cost: 9
XTIME cost: 3
Inverse matrix:
Polynomial representation
GF([[x^7 + x^6 + x^5 + x^4 + x^2 + x, x^6 + x^5 + x^4 + x^3 + x + 1,
     x^6 + x^5 + x^4 + x^3 + x + 1],
    [x^6 + x^5 + x^4 + x^3 + x + 1, x^7 + x^6 + x^5 + x^4 + x^2 + x,
     x^6 + x^5 + x^4 + x^3 + x + 1],
    [x^6 + x^5 + x^4 + x^3 + x + 1, x^6 + x^5 + x^4 + x^3 + x + 1,
     x^7 + x^6 + x^5 + x^4 + x^2 + x]], order=2^8)
Integer representation
GF([[246, 123, 123],
    [123, 246, 123],
    [123, 123, 246]], order=2^8)
Hexadecimal representation
['0xf6', '0x7b', '0x7b']
['0x7b', '0xf6', '0x7b']
['0x7b', '0x7b', '0xf6']
XOR cost: 51
XTIME cost: 57
which is also MDS.
(3, 1, 2)
(3, 1, 3)
Found MDS matrix for GF 256 and p(x) = Poly(x^8 + x^4 + x^3 + x + 1, GF(2))
Polynomial representation
GF([[x + 1, 1, x + 1],
    [x + 1, x + 1, 1],
    [1, x + 1, x + 1]], order=2^8)
Integer representation
GF([[3, 1, 3],
    [3, 3, 1],
    [1, 3, 3]], order=2^8)
Hexadecimal representation
['0x3', '0x1', '0x3']
['0x3', '0x3', '0x1']
['0x1', '0x3', '0x3']
XOR cost: 12
XTIME cost: 6
Inverse matrix:
Polynomial representation
GF([[x^7 + x^3 + x^2, x^7 + x^3 + x^2, 1],
    [1, x^7 + x^3 + x^2, x^7 + x^3 + x^2],
    [x^7 + x^3 + x^2, 1, x^7 + x^3 + x^2]], order=2^8)
Integer representation
GF([[140, 140,   1],
    [  1, 140, 140],
    [140,   1, 140]], order=2^8)
Hexadecimal representation
['0x8c', '0x8c', '0x1']
['0x1', '0x8c', '0x8c']
['0x8c', '0x1', '0x8c']
XOR cost: 18
XTIME cost: 42
which is also MDS.
(3, 1, 4)
Found MDS matrix for GF 256 and p(x) = Poly(x^8 + x^4 + x^3 + x + 1, GF(2))
Polynomial representation
GF([[x + 1, 1, x^2],
    [x^2, x + 1, 1],
    [1, x^2, x + 1]], order=2^8)
Integer representation
GF([[3, 1, 4],
    [4, 3, 1],
    [1, 4, 3]], order=2^8)
Hexadecimal representation
['0x3', '0x1', '0x4']
['0x4', '0x3', '0x1']
['0x1', '0x4', '0x3']
XOR cost: 9
XTIME cost: 9
Inverse matrix:
Polynomial representation
GF([[x^5 + x^4 + x^2 + x + 1, x^2, x^6 + x^3],
    [x^6 + x^3, x^5 + x^4 + x^2 + x + 1, x^2],
    [x^2, x^6 + x^3, x^5 + x^4 + x^2 + x + 1]], order=2^8)
Integer representation
GF([[55,  4, 72],
    [72, 55,  4],
    [ 4, 72, 55]], order=2^8)
Hexadecimal representation
['0x37', '0x4', '0x48']
['0x48', '0x37', '0x4']
['0x4', '0x48', '0x37']
XOR cost: 21
XTIME cost: 39
which is also MDS.
(3, 2, 1)
(3, 2, 2)
Found MDS matrix for GF 256 and p(x) = Poly(x^8 + x^4 + x^3 + x + 1, GF(2))
Polynomial representation
GF([[x + 1, x, x],
    [x, x + 1, x],
    [x, x, x + 1]], order=2^8)
Integer representation
GF([[3, 2, 2],
    [2, 3, 2],
    [2, 2, 3]], order=2^8)
Hexadecimal representation
['0x3', '0x2', '0x2']
['0x2', '0x3', '0x2']
['0x2', '0x2', '0x3']
XOR cost: 9
XTIME cost: 9
Inverse matrix:
Polynomial representation
GF([[x^7 + x^6 + x^5 + x^4 + x^2 + x,
     x^7 + x^6 + x^5 + x^4 + x^2 + x + 1,
     x^7 + x^6 + x^5 + x^4 + x^2 + x + 1],
    [x^7 + x^6 + x^5 + x^4 + x^2 + x + 1,
     x^7 + x^6 + x^5 + x^4 + x^2 + x,
     x^7 + x^6 + x^5 + x^4 + x^2 + x + 1],
    [x^7 + x^6 + x^5 + x^4 + x^2 + x + 1,
     x^7 + x^6 + x^5 + x^4 + x^2 + x + 1,
     x^7 + x^6 + x^5 + x^4 + x^2 + x]], order=2^8)
Integer representation
GF([[246, 247, 247],
    [247, 246, 247],
    [247, 247, 246]], order=2^8)
Hexadecimal representation
['0xf6', '0xf7', '0xf7']
['0xf7', '0xf6', '0xf7']
['0xf7', '0xf7', '0xf6']
XOR cost: 57
XTIME cost: 63
which is also MDS.
(3, 2, 3)
Found MDS matrix for GF 256 and p(x) = Poly(x^8 + x^4 + x^3 + x + 1, GF(2))
Polynomial representation
GF([[x + 1, x, x + 1],
    [x + 1, x + 1, x],
    [x, x + 1, x + 1]], order=2^8)
Integer representation
GF([[3, 2, 3],
    [3, 3, 2],
    [2, 3, 3]], order=2^8)
Hexadecimal representation
['0x3', '0x2', '0x3']
['0x3', '0x3', '0x2']
['0x2', '0x3', '0x3']
XOR cost: 12
XTIME cost: 9
Inverse matrix:
Polynomial representation
GF([[x^7 + x^3 + x^2, x^7 + x^3 + x^2, x^7 + x^3 + x^2 + 1],
    [x^7 + x^3 + x^2 + 1, x^7 + x^3 + x^2, x^7 + x^3 + x^2],
    [x^7 + x^3 + x^2, x^7 + x^3 + x^2 + 1, x^7 + x^3 + x^2]], order=2^8)
Integer representation
GF([[140, 140, 141],
    [141, 140, 140],
    [140, 141, 140]], order=2^8)
Hexadecimal representation
['0x8c', '0x8c', '0x8d']
['0x8d', '0x8c', '0x8c']
['0x8c', '0x8d', '0x8c']
XOR cost: 27
XTIME cost: 63
which is also MDS.
(3, 2, 4)
Found MDS matrix for GF 256 and p(x) = Poly(x^8 + x^4 + x^3 + x + 1, GF(2))
Polynomial representation
GF([[x + 1, x, x^2],
    [x^2, x + 1, x],
    [x, x^2, x + 1]], order=2^8)
Integer representation
GF([[3, 2, 4],
    [4, 3, 2],
    [2, 4, 3]], order=2^8)
Hexadecimal representation
['0x3', '0x2', '0x4']
['0x4', '0x3', '0x2']
['0x2', '0x4', '0x3']
XOR cost: 9
XTIME cost: 12
Inverse matrix:
Polynomial representation
GF([[x^7 + x^6 + x^5 + x^4 + x + 1, x^4 + x^3 + 1, x^7 + x^5 + x^4 + x^3],
    [x^7 + x^5 + x^4 + x^3, x^7 + x^6 + x^5 + x^4 + x + 1, x^4 + x^3 + 1],
    [x^4 + x^3 + 1, x^7 + x^5 + x^4 + x^3, x^7 + x^6 + x^5 + x^4 + x + 1]],
   order=2^8)
Integer representation
GF([[243,  25, 184],
    [184, 243,  25],
    [ 25, 184, 243]], order=2^8)
Hexadecimal representation
['0xf3', '0x19', '0xb8']
['0xb8', '0xf3', '0x19']
['0x19', '0xb8', '0xf3']
XOR cost: 36
XTIME cost: 54
which is also MDS.
(3, 3, 1)
Found MDS matrix for GF 256 and p(x) = Poly(x^8 + x^4 + x^3 + x + 1, GF(2))
Polynomial representation
GF([[x + 1, x + 1, 1],
    [1, x + 1, x + 1],
    [x + 1, 1, x + 1]], order=2^8)
Integer representation
GF([[3, 3, 1],
    [1, 3, 3],
    [3, 1, 3]], order=2^8)
Hexadecimal representation
['0x3', '0x3', '0x1']
['0x1', '0x3', '0x3']
['0x3', '0x1', '0x3']
XOR cost: 12
XTIME cost: 6
Inverse matrix:
Polynomial representation
GF([[x^7 + x^3 + x^2, 1, x^7 + x^3 + x^2],
    [x^7 + x^3 + x^2, x^7 + x^3 + x^2, 1],
    [1, x^7 + x^3 + x^2, x^7 + x^3 + x^2]], order=2^8)
Integer representation
GF([[140,   1, 140],
    [140, 140,   1],
    [  1, 140, 140]], order=2^8)
Hexadecimal representation
['0x8c', '0x1', '0x8c']
['0x8c', '0x8c', '0x1']
['0x1', '0x8c', '0x8c']
XOR cost: 18
XTIME cost: 42
which is also MDS.
(3, 3, 2)
Found MDS matrix for GF 256 and p(x) = Poly(x^8 + x^4 + x^3 + x + 1, GF(2))
Polynomial representation
GF([[x + 1, x + 1, x],
    [x, x + 1, x + 1],
    [x + 1, x, x + 1]], order=2^8)
Integer representation
GF([[3, 3, 2],
    [2, 3, 3],
    [3, 2, 3]], order=2^8)
Hexadecimal representation
['0x3', '0x3', '0x2']
['0x2', '0x3', '0x3']
['0x3', '0x2', '0x3']
XOR cost: 12
XTIME cost: 9
Inverse matrix:
Polynomial representation
GF([[x^7 + x^3 + x^2, x^7 + x^3 + x^2 + 1, x^7 + x^3 + x^2],
    [x^7 + x^3 + x^2, x^7 + x^3 + x^2, x^7 + x^3 + x^2 + 1],
    [x^7 + x^3 + x^2 + 1, x^7 + x^3 + x^2, x^7 + x^3 + x^2]], order=2^8)
Integer representation
GF([[140, 141, 140],
    [140, 140, 141],
    [141, 140, 140]], order=2^8)
Hexadecimal representation
['0x8c', '0x8d', '0x8c']
['0x8c', '0x8c', '0x8d']
['0x8d', '0x8c', '0x8c']
XOR cost: 27
XTIME cost: 63
which is also MDS.
(3, 3, 3)
(3, 3, 4)
Found MDS matrix for GF 256 and p(x) = Poly(x^8 + x^4 + x^3 + x + 1, GF(2))
Polynomial representation
GF([[x + 1, x + 1, x^2],
    [x^2, x + 1, x + 1],
    [x + 1, x^2, x + 1]], order=2^8)
Integer representation
GF([[3, 3, 4],
    [4, 3, 3],
    [3, 4, 3]], order=2^8)
Hexadecimal representation
['0x3', '0x3', '0x4']
['0x4', '0x3', '0x3']
['0x3', '0x4', '0x3']
XOR cost: 12
XTIME cost: 12
Inverse matrix:
Polynomial representation
GF([[x^4 + x^3 + x, x^7 + x^6 + x^3 + x + 1, x^4 + x^3 + x],
    [x^4 + x^3 + x, x^4 + x^3 + x, x^7 + x^6 + x^3 + x + 1],
    [x^7 + x^6 + x^3 + x + 1, x^4 + x^3 + x, x^4 + x^3 + x]], order=2^8)
Integer representation
GF([[ 26, 203,  26],
    [ 26,  26, 203],
    [203,  26,  26]], order=2^8)
Hexadecimal representation
['0x1a', '0xcb', '0x1a']
['0x1a', '0x1a', '0xcb']
['0xcb', '0x1a', '0x1a']
XOR cost: 30
XTIME cost: 45
which is also MDS.
(3, 4, 1)
Found MDS matrix for GF 256 and p(x) = Poly(x^8 + x^4 + x^3 + x + 1, GF(2))
Polynomial representation
GF([[x + 1, x^2, 1],
    [1, x + 1, x^2],
    [x^2, 1, x + 1]], order=2^8)
Integer representation
GF([[3, 4, 1],
    [1, 3, 4],
    [4, 1, 3]], order=2^8)
Hexadecimal representation
['0x3', '0x4', '0x1']
['0x1', '0x3', '0x4']
['0x4', '0x1', '0x3']
XOR cost: 9
XTIME cost: 9
Inverse matrix:
Polynomial representation
GF([[x^5 + x^4 + x^2 + x + 1, x^6 + x^3, x^2],
    [x^2, x^5 + x^4 + x^2 + x + 1, x^6 + x^3],
    [x^6 + x^3, x^2, x^5 + x^4 + x^2 + x + 1]], order=2^8)
Integer representation
GF([[55, 72,  4],
    [ 4, 55, 72],
    [72,  4, 55]], order=2^8)
Hexadecimal representation
['0x37', '0x48', '0x4']
['0x4', '0x37', '0x48']
['0x48', '0x4', '0x37']
XOR cost: 21
XTIME cost: 39
which is also MDS.
(3, 4, 2)
Found MDS matrix for GF 256 and p(x) = Poly(x^8 + x^4 + x^3 + x + 1, GF(2))
Polynomial representation
GF([[x + 1, x^2, x],
    [x, x + 1, x^2],
    [x^2, x, x + 1]], order=2^8)
Integer representation
GF([[3, 4, 2],
    [2, 3, 4],
    [4, 2, 3]], order=2^8)
Hexadecimal representation
['0x3', '0x4', '0x2']
['0x2', '0x3', '0x4']
['0x4', '0x2', '0x3']
XOR cost: 9
XTIME cost: 12
Inverse matrix:
Polynomial representation
GF([[x^7 + x^6 + x^5 + x^4 + x + 1, x^7 + x^5 + x^4 + x^3, x^4 + x^3 + 1],
    [x^4 + x^3 + 1, x^7 + x^6 + x^5 + x^4 + x + 1, x^7 + x^5 + x^4 + x^3],
    [x^7 + x^5 + x^4 + x^3, x^4 + x^3 + 1, x^7 + x^6 + x^5 + x^4 + x + 1]],
   order=2^8)
Integer representation
GF([[243, 184,  25],
    [ 25, 243, 184],
    [184,  25, 243]], order=2^8)
Hexadecimal representation
['0xf3', '0xb8', '0x19']
['0x19', '0xf3', '0xb8']
['0xb8', '0x19', '0xf3']
XOR cost: 36
XTIME cost: 54
which is also MDS.
(3, 4, 3)
Found MDS matrix for GF 256 and p(x) = Poly(x^8 + x^4 + x^3 + x + 1, GF(2))
Polynomial representation
GF([[x + 1, x^2, x + 1],
    [x + 1, x + 1, x^2],
    [x^2, x + 1, x + 1]], order=2^8)
Integer representation
GF([[3, 4, 3],
    [3, 3, 4],
    [4, 3, 3]], order=2^8)
Hexadecimal representation
['0x3', '0x4', '0x3']
['0x3', '0x3', '0x4']
['0x4', '0x3', '0x3']
XOR cost: 12
XTIME cost: 12
Inverse matrix:
Polynomial representation
GF([[x^4 + x^3 + x, x^4 + x^3 + x, x^7 + x^6 + x^3 + x + 1],
    [x^7 + x^6 + x^3 + x + 1, x^4 + x^3 + x, x^4 + x^3 + x],
    [x^4 + x^3 + x, x^7 + x^6 + x^3 + x + 1, x^4 + x^3 + x]], order=2^8)
Integer representation
GF([[ 26,  26, 203],
    [203,  26,  26],
    [ 26, 203,  26]], order=2^8)
Hexadecimal representation
['0x1a', '0x1a', '0xcb']
['0xcb', '0x1a', '0x1a']
['0x1a', '0xcb', '0x1a']
XOR cost: 30
XTIME cost: 45
which is also MDS.
(3, 4, 4)
Found MDS matrix for GF 256 and p(x) = Poly(x^8 + x^4 + x^3 + x + 1, GF(2))
Polynomial representation
GF([[x + 1, x^2, x^2],
    [x^2, x + 1, x^2],
    [x^2, x^2, x + 1]], order=2^8)
Integer representation
GF([[3, 4, 4],
    [4, 3, 4],
    [4, 4, 3]], order=2^8)
Hexadecimal representation
['0x3', '0x4', '0x4']
['0x4', '0x3', '0x4']
['0x4', '0x4', '0x3']
XOR cost: 9
XTIME cost: 15
Inverse matrix:
Polynomial representation
GF([[x^7 + x^6 + x^5 + x^4 + x^2 + x, x^5 + x^2 + x + 1,
     x^5 + x^2 + x + 1],
    [x^5 + x^2 + x + 1, x^7 + x^6 + x^5 + x^4 + x^2 + x,
     x^5 + x^2 + x + 1],
    [x^5 + x^2 + x + 1, x^5 + x^2 + x + 1,
     x^7 + x^6 + x^5 + x^4 + x^2 + x]], order=2^8)
Integer representation
GF([[246,  39,  39],
    [ 39, 246,  39],
    [ 39,  39, 246]], order=2^8)
Hexadecimal representation
['0xf6', '0x27', '0x27']
['0x27', '0xf6', '0x27']
['0x27', '0x27', '0xf6']
XOR cost: 39
XTIME cost: 51
which is also MDS.
(4, 1, 1)
Found MDS matrix for GF 256 and p(x) = Poly(x^8 + x^4 + x^3 + x + 1, GF(2))
Polynomial representation
GF([[x^2, 1, 1],
    [1, x^2, 1],
    [1, 1, x^2]], order=2^8)
Integer representation
GF([[4, 1, 1],
    [1, 4, 1],
    [1, 1, 4]], order=2^8)
Hexadecimal representation
['0x4', '0x1', '0x1']
['0x1', '0x4', '0x1']
['0x1', '0x1', '0x4']
XOR cost: 6
XTIME cost: 6
Inverse matrix:
Polynomial representation
GF([[x^7 + x^6 + x^3 + x + 1, x^7 + x^4 + x^3 + 1, x^7 + x^4 + x^3 + 1],
    [x^7 + x^4 + x^3 + 1, x^7 + x^6 + x^3 + x + 1, x^7 + x^4 + x^3 + 1],
    [x^7 + x^4 + x^3 + 1, x^7 + x^4 + x^3 + 1, x^7 + x^6 + x^3 + x + 1]],
   order=2^8)
Integer representation
GF([[203, 153, 153],
    [153, 203, 153],
    [153, 153, 203]], order=2^8)
Hexadecimal representation
['0xcb', '0x99', '0x99']
['0x99', '0xcb', '0x99']
['0x99', '0x99', '0xcb']
XOR cost: 36
XTIME cost: 63
which is also MDS.
(4, 1, 2)
(4, 1, 3)
Found MDS matrix for GF 256 and p(x) = Poly(x^8 + x^4 + x^3 + x + 1, GF(2))
Polynomial representation
GF([[x^2, 1, x + 1],
    [x + 1, x^2, 1],
    [1, x + 1, x^2]], order=2^8)
Integer representation
GF([[4, 1, 3],
    [3, 4, 1],
    [1, 3, 4]], order=2^8)
Hexadecimal representation
['0x4', '0x1', '0x3']
['0x3', '0x4', '0x1']
['0x1', '0x3', '0x4']
XOR cost: 9
XTIME cost: 9
Inverse matrix:
Polynomial representation
GF([[x^2, x^5 + x^4 + x^2 + x + 1, x^6 + x^3],
    [x^6 + x^3, x^2, x^5 + x^4 + x^2 + x + 1],
    [x^5 + x^4 + x^2 + x + 1, x^6 + x^3, x^2]], order=2^8)
Integer representation
GF([[ 4, 55, 72],
    [72,  4, 55],
    [55, 72,  4]], order=2^8)
Hexadecimal representation
['0x4', '0x37', '0x48']
['0x48', '0x4', '0x37']
['0x37', '0x48', '0x4']
XOR cost: 21
XTIME cost: 39
which is also MDS.
(4, 1, 4)
Found MDS matrix for GF 256 and p(x) = Poly(x^8 + x^4 + x^3 + x + 1, GF(2))
Polynomial representation
GF([[x^2, 1, x^2],
    [x^2, x^2, 1],
    [1, x^2, x^2]], order=2^8)
Integer representation
GF([[4, 1, 4],
    [4, 4, 1],
    [1, 4, 4]], order=2^8)
Hexadecimal representation
['0x4', '0x1', '0x4']
['0x4', '0x4', '0x1']
['0x1', '0x4', '0x4']
XOR cost: 6
XTIME cost: 12
Inverse matrix:
Polynomial representation
GF([[x^6 + x^4 + x + 1, x^6 + x^4 + x + 1, 1],
    [1, x^6 + x^4 + x + 1, x^6 + x^4 + x + 1],
    [x^6 + x^4 + x + 1, 1, x^6 + x^4 + x + 1]], order=2^8)
Integer representation
GF([[83, 83,  1],
    [ 1, 83, 83],
    [83,  1, 83]], order=2^8)
Hexadecimal representation
['0x53', '0x53', '0x1']
['0x1', '0x53', '0x53']
['0x53', '0x1', '0x53']
XOR cost: 24
XTIME cost: 36
which is also MDS.
(4, 2, 1)
(4, 2, 2)
Found MDS matrix for GF 256 and p(x) = Poly(x^8 + x^4 + x^3 + x + 1, GF(2))
Polynomial representation
GF([[x^2, x, x],
    [x, x^2, x],
    [x, x, x^2]], order=2^8)
Integer representation
GF([[4, 2, 2],
    [2, 4, 2],
    [2, 2, 4]], order=2^8)
Hexadecimal representation
['0x4', '0x2', '0x2']
['0x2', '0x4', '0x2']
['0x2', '0x2', '0x4']
XOR cost: 6
XTIME cost: 12
Inverse matrix:
Polynomial representation
GF([[x^7 + x^6 + x^3 + x + 1, x^7 + x^5 + x^4, x^7 + x^5 + x^4],
    [x^7 + x^5 + x^4, x^7 + x^6 + x^3 + x + 1, x^7 + x^5 + x^4],
    [x^7 + x^5 + x^4, x^7 + x^5 + x^4, x^7 + x^6 + x^3 + x + 1]],
   order=2^8)
Integer representation
GF([[203, 176, 176],
    [176, 203, 176],
    [176, 176, 203]], order=2^8)
Hexadecimal representation
['0xcb', '0xb0', '0xb0']
['0xb0', '0xcb', '0xb0']
['0xb0', '0xb0', '0xcb']
XOR cost: 30
XTIME cost: 63
which is also MDS.
(4, 2, 3)
Found MDS matrix for GF 256 and p(x) = Poly(x^8 + x^4 + x^3 + x + 1, GF(2))
Polynomial representation
GF([[x^2, x, x + 1],
    [x + 1, x^2, x],
    [x, x + 1, x^2]], order=2^8)
Integer representation
GF([[4, 2, 3],
    [3, 4, 2],
    [2, 3, 4]], order=2^8)
Hexadecimal representation
['0x4', '0x2', '0x3']
['0x3', '0x4', '0x2']
['0x2', '0x3', '0x4']
XOR cost: 9
XTIME cost: 12
Inverse matrix:
Polynomial representation
GF([[x^4 + x^3 + 1, x^7 + x^6 + x^5 + x^4 + x + 1, x^7 + x^5 + x^4 + x^3],
    [x^7 + x^5 + x^4 + x^3, x^4 + x^3 + 1, x^7 + x^6 + x^5 + x^4 + x + 1],
    [x^7 + x^6 + x^5 + x^4 + x + 1, x^7 + x^5 + x^4 + x^3, x^4 + x^3 + 1]],
   order=2^8)
Integer representation
GF([[ 25, 243, 184],
    [184,  25, 243],
    [243, 184,  25]], order=2^8)
Hexadecimal representation
['0x19', '0xf3', '0xb8']
['0xb8', '0x19', '0xf3']
['0xf3', '0xb8', '0x19']
XOR cost: 36
XTIME cost: 54
which is also MDS.
(4, 2, 4)
Found MDS matrix for GF 256 and p(x) = Poly(x^8 + x^4 + x^3 + x + 1, GF(2))
Polynomial representation
GF([[x^2, x, x^2],
    [x^2, x^2, x],
    [x, x^2, x^2]], order=2^8)
Integer representation
GF([[4, 2, 4],
    [4, 4, 2],
    [2, 4, 4]], order=2^8)
Hexadecimal representation
['0x4', '0x2', '0x4']
['0x4', '0x4', '0x2']
['0x2', '0x4', '0x4']
XOR cost: 6
XTIME cost: 15
Inverse matrix:
Polynomial representation
GF([[x^7 + x^6 + x^5 + x^4 + x^2 + x, x^7 + x^6 + x^5 + x^4 + x^2 + x,
     x^7 + x^3 + x^2 + 1],
    [x^7 + x^3 + x^2 + 1, x^7 + x^6 + x^5 + x^4 + x^2 + x,
     x^7 + x^6 + x^5 + x^4 + x^2 + x],
    [x^7 + x^6 + x^5 + x^4 + x^2 + x, x^7 + x^3 + x^2 + 1,
     x^7 + x^6 + x^5 + x^4 + x^2 + x]], order=2^8)
Integer representation
GF([[246, 246, 141],
    [141, 246, 246],
    [246, 141, 246]], order=2^8)
Hexadecimal representation
['0xf6', '0xf6', '0x8d']
['0x8d', '0xf6', '0xf6']
['0xf6', '0x8d', '0xf6']
XOR cost: 45
XTIME cost: 63
which is also MDS.
(4, 3, 1)
Found MDS matrix for GF 256 and p(x) = Poly(x^8 + x^4 + x^3 + x + 1, GF(2))
Polynomial representation
GF([[x^2, x + 1, 1],
    [1, x^2, x + 1],
    [x + 1, 1, x^2]], order=2^8)
Integer representation
GF([[4, 3, 1],
    [1, 4, 3],
    [3, 1, 4]], order=2^8)
Hexadecimal representation
['0x4', '0x3', '0x1']
['0x1', '0x4', '0x3']
['0x3', '0x1', '0x4']
XOR cost: 9
XTIME cost: 9
Inverse matrix:
Polynomial representation
GF([[x^2, x^6 + x^3, x^5 + x^4 + x^2 + x + 1],
    [x^5 + x^4 + x^2 + x + 1, x^2, x^6 + x^3],
    [x^6 + x^3, x^5 + x^4 + x^2 + x + 1, x^2]], order=2^8)
Integer representation
GF([[ 4, 72, 55],
    [55,  4, 72],
    [72, 55,  4]], order=2^8)
Hexadecimal representation
['0x4', '0x48', '0x37']
['0x37', '0x4', '0x48']
['0x48', '0x37', '0x4']
XOR cost: 21
XTIME cost: 39
which is also MDS.
(4, 3, 2)
Found MDS matrix for GF 256 and p(x) = Poly(x^8 + x^4 + x^3 + x + 1, GF(2))
Polynomial representation
GF([[x^2, x + 1, x],
    [x, x^2, x + 1],
    [x + 1, x, x^2]], order=2^8)
Integer representation
GF([[4, 3, 2],
    [2, 4, 3],
    [3, 2, 4]], order=2^8)
Hexadecimal representation
['0x4', '0x3', '0x2']
['0x2', '0x4', '0x3']
['0x3', '0x2', '0x4']
XOR cost: 9
XTIME cost: 12
Inverse matrix:
Polynomial representation
GF([[x^4 + x^3 + 1, x^7 + x^5 + x^4 + x^3, x^7 + x^6 + x^5 + x^4 + x + 1],
    [x^7 + x^6 + x^5 + x^4 + x + 1, x^4 + x^3 + 1, x^7 + x^5 + x^4 + x^3],
    [x^7 + x^5 + x^4 + x^3, x^7 + x^6 + x^5 + x^4 + x + 1, x^4 + x^3 + 1]],
   order=2^8)
Integer representation
GF([[ 25, 184, 243],
    [243,  25, 184],
    [184, 243,  25]], order=2^8)
Hexadecimal representation
['0x19', '0xb8', '0xf3']
['0xf3', '0x19', '0xb8']
['0xb8', '0xf3', '0x19']
XOR cost: 36
XTIME cost: 54
which is also MDS.
(4, 3, 3)
Found MDS matrix for GF 256 and p(x) = Poly(x^8 + x^4 + x^3 + x + 1, GF(2))
Polynomial representation
GF([[x^2, x + 1, x + 1],
    [x + 1, x^2, x + 1],
    [x + 1, x + 1, x^2]], order=2^8)
Integer representation
GF([[4, 3, 3],
    [3, 4, 3],
    [3, 3, 4]], order=2^8)
Hexadecimal representation
['0x4', '0x3', '0x3']
['0x3', '0x4', '0x3']
['0x3', '0x3', '0x4']
XOR cost: 12
XTIME cost: 12
Inverse matrix:
Polynomial representation
GF([[x^7 + x^6 + x^3 + x + 1, x^4 + x^3 + x, x^4 + x^3 + x],
    [x^4 + x^3 + x, x^7 + x^6 + x^3 + x + 1, x^4 + x^3 + x],
    [x^4 + x^3 + x, x^4 + x^3 + x, x^7 + x^6 + x^3 + x + 1]], order=2^8)
Integer representation
GF([[203,  26,  26],
    [ 26, 203,  26],
    [ 26,  26, 203]], order=2^8)
Hexadecimal representation
['0xcb', '0x1a', '0x1a']
['0x1a', '0xcb', '0x1a']
['0x1a', '0x1a', '0xcb']
XOR cost: 30
XTIME cost: 45
which is also MDS.
(4, 3, 4)
Found MDS matrix for GF 256 and p(x) = Poly(x^8 + x^4 + x^3 + x + 1, GF(2))
Polynomial representation
GF([[x^2, x + 1, x^2],
    [x^2, x^2, x + 1],
    [x + 1, x^2, x^2]], order=2^8)
Integer representation
GF([[4, 3, 4],
    [4, 4, 3],
    [3, 4, 4]], order=2^8)
Hexadecimal representation
['0x4', '0x3', '0x4']
['0x4', '0x4', '0x3']
['0x3', '0x4', '0x4']
XOR cost: 9
XTIME cost: 15
Inverse matrix:
Polynomial representation
GF([[x^5 + x^2 + x + 1, x^5 + x^2 + x + 1,
     x^7 + x^6 + x^5 + x^4 + x^2 + x],
    [x^7 + x^6 + x^5 + x^4 + x^2 + x, x^5 + x^2 + x + 1,
     x^5 + x^2 + x + 1],
    [x^5 + x^2 + x + 1, x^7 + x^6 + x^5 + x^4 + x^2 + x,
     x^5 + x^2 + x + 1]], order=2^8)
Integer representation
GF([[ 39,  39, 246],
    [246,  39,  39],
    [ 39, 246,  39]], order=2^8)
Hexadecimal representation
['0x27', '0x27', '0xf6']
['0xf6', '0x27', '0x27']
['0x27', '0xf6', '0x27']
XOR cost: 39
XTIME cost: 51
which is also MDS.
(4, 4, 1)
Found MDS matrix for GF 256 and p(x) = Poly(x^8 + x^4 + x^3 + x + 1, GF(2))
Polynomial representation
GF([[x^2, x^2, 1],
    [1, x^2, x^2],
    [x^2, 1, x^2]], order=2^8)
Integer representation
GF([[4, 4, 1],
    [1, 4, 4],
    [4, 1, 4]], order=2^8)
Hexadecimal representation
['0x4', '0x4', '0x1']
['0x1', '0x4', '0x4']
['0x4', '0x1', '0x4']
XOR cost: 6
XTIME cost: 12
Inverse matrix:
Polynomial representation
GF([[x^6 + x^4 + x + 1, 1, x^6 + x^4 + x + 1],
    [x^6 + x^4 + x + 1, x^6 + x^4 + x + 1, 1],
    [1, x^6 + x^4 + x + 1, x^6 + x^4 + x + 1]], order=2^8)
Integer representation
GF([[83,  1, 83],
    [83, 83,  1],
    [ 1, 83, 83]], order=2^8)
Hexadecimal representation
['0x53', '0x1', '0x53']
['0x53', '0x53', '0x1']
['0x1', '0x53', '0x53']
XOR cost: 24
XTIME cost: 36
which is also MDS.
(4, 4, 2)
Found MDS matrix for GF 256 and p(x) = Poly(x^8 + x^4 + x^3 + x + 1, GF(2))
Polynomial representation
GF([[x^2, x^2, x],
    [x, x^2, x^2],
    [x^2, x, x^2]], order=2^8)
Integer representation
GF([[4, 4, 2],
    [2, 4, 4],
    [4, 2, 4]], order=2^8)
Hexadecimal representation
['0x4', '0x4', '0x2']
['0x2', '0x4', '0x4']
['0x4', '0x2', '0x4']
XOR cost: 6
XTIME cost: 15
Inverse matrix:
Polynomial representation
GF([[x^7 + x^6 + x^5 + x^4 + x^2 + x, x^7 + x^3 + x^2 + 1,
     x^7 + x^6 + x^5 + x^4 + x^2 + x],
    [x^7 + x^6 + x^5 + x^4 + x^2 + x, x^7 + x^6 + x^5 + x^4 + x^2 + x,
     x^7 + x^3 + x^2 + 1],
    [x^7 + x^3 + x^2 + 1, x^7 + x^6 + x^5 + x^4 + x^2 + x,
     x^7 + x^6 + x^5 + x^4 + x^2 + x]], order=2^8)
Integer representation
GF([[246, 141, 246],
    [246, 246, 141],
    [141, 246, 246]], order=2^8)
Hexadecimal representation
['0xf6', '0x8d', '0xf6']
['0xf6', '0xf6', '0x8d']
['0x8d', '0xf6', '0xf6']
XOR cost: 45
XTIME cost: 63
which is also MDS.
(4, 4, 3)
Found MDS matrix for GF 256 and p(x) = Poly(x^8 + x^4 + x^3 + x + 1, GF(2))
Polynomial representation
GF([[x^2, x^2, x + 1],
    [x + 1, x^2, x^2],
    [x^2, x + 1, x^2]], order=2^8)
Integer representation
GF([[4, 4, 3],
    [3, 4, 4],
    [4, 3, 4]], order=2^8)
Hexadecimal representation
['0x4', '0x4', '0x3']
['0x3', '0x4', '0x4']
['0x4', '0x3', '0x4']
XOR cost: 9
XTIME cost: 15
Inverse matrix:
Polynomial representation
GF([[x^5 + x^2 + x + 1, x^7 + x^6 + x^5 + x^4 + x^2 + x,
     x^5 + x^2 + x + 1],
    [x^5 + x^2 + x + 1, x^5 + x^2 + x + 1,
     x^7 + x^6 + x^5 + x^4 + x^2 + x],
    [x^7 + x^6 + x^5 + x^4 + x^2 + x, x^5 + x^2 + x + 1,
     x^5 + x^2 + x + 1]], order=2^8)
Integer representation
GF([[ 39, 246,  39],
    [ 39,  39, 246],
    [246,  39,  39]], order=2^8)
Hexadecimal representation
['0x27', '0xf6', '0x27']
['0x27', '0x27', '0xf6']
['0xf6', '0x27', '0x27']
XOR cost: 39
XTIME cost: 51
which is also MDS.
(4, 4, 4)
